2024-06-13 15:40:16,521 - schedule_notifications called
2024-06-13 15:40:16,521 - Scheduling next notification in 2 minutes
2024-06-13 15:42:16,698 - Running job Job(interval=2, unit=minutes, do=show_notification, args=(), kwargs={})
2024-06-13 15:42:16,701 - show_notification called
2024-06-13 15:42:17,085 - Notification shown: Remember your goals!
2024-06-13 15:42:27,885 - User is focusing.
2024-06-13 15:42:27,886 - Elapsed time updated: 4
2024-06-13 15:42:27,886 - schedule_notifications called
2024-06-13 15:42:27,886 - Scheduling next notification in 1 minutes
2024-06-13 15:42:27,886 - Cancelling job "Job(interval=2, unit=minutes, do=show_notification, args=(), kwargs={})"
2024-06-13 15:51:16,491 - schedule_notifications called
2024-06-13 15:51:16,491 - Scheduling next notification in 1 minutes
2024-06-13 20:20:27,285 - schedule_notifications called
2024-06-13 20:20:30,666 - schedule_notifications called
2024-06-13 20:20:34,135 - schedule_notifications called
2024-06-13 20:22:38,749 - schedule_notifications called
2024-06-13 20:23:39,412 - schedule_notifications called
2024-06-13 20:24:45,758 - schedule_notifications called
2024-06-13 20:25:24,614 - schedule_notifications called
2024-06-13 20:26:09,898 - schedule_notifications called
2024-06-13 20:26:09,899 - Scheduling next notification in 1 minutes
2024-06-13 20:27:09,978 - Running job Job(interval=1, unit=minutes, do=show_notification, args=(), kwargs={})
2024-06-13 20:27:09,984 - show_notification called
2024-06-13 20:27:10,272 - Notification shown: Stay productive!
2024-06-13 20:27:19,542 - User is focusing.
2024-06-13 20:27:19,552 - Elapsed time updated: 2
2024-06-13 20:27:19,552 - schedule_notifications called
2024-06-13 20:27:19,552 - Scheduling next notification in 1 minutes
2024-06-13 20:27:19,553 - Cancelling job "Job(interval=1, unit=minutes, do=show_notification, args=(), kwargs={})"
2024-06-13 21:42:28,757 - schedule_notifications called
2024-06-13 21:42:28,758 - Scheduling next notification in 2 minutes
2024-06-13 21:44:28,908 - Running job Job(interval=2, unit=minutes, do=show_notification, args=(), kwargs={})
2024-06-13 21:44:28,911 - show_notification called
2024-06-13 21:44:29,210 - Notification shown: Are you procrastinating?
2024-06-13 21:44:29,210 - schedule_notifications called
2024-06-13 21:44:29,211 - Scheduling next notification in 2 minutes
2024-06-13 21:44:29,211 - Cancelling job "Job(interval=2, unit=minutes, do=show_notification, args=(), kwargs={})"
2024-06-13 21:44:35,014 - User is focusing.
2024-06-13 21:44:35,019 - Fish added at (497, 543) with color purple
2024-06-13 21:46:29,365 - Running job Job(interval=2, unit=minutes, do=show_notification, args=(), kwargs={})
2024-06-13 21:46:29,369 - show_notification called
2024-06-13 21:46:29,569 - Notification shown: Are you procrastinating?
2024-06-13 21:48:39,018 - schedule_notifications called
2024-06-13 21:48:39,018 - Scheduling next notification in 1 minutes
2024-06-13 21:49:40,930 - Running job Job(interval=1, unit=minutes, do=show_notification, args=(), kwargs={})
2024-06-13 21:49:40,933 - show_notification called
2024-06-13 21:49:41,204 - Notification shown: Remember your goals!
2024-06-13 21:49:41,209 - schedule_notifications called
2024-06-13 21:49:41,209 - Scheduling next notification in 1 minutes
2024-06-13 21:49:41,210 - Cancelling job "Job(interval=1, unit=minutes, do=show_notification, args=(), kwargs={})"
2024-06-13 21:49:44,058 - User is focusing.
2024-06-13 21:49:44,060 - Fish added at (521, 285) with color #127b98
2024-06-13 21:50:41,289 - Running job Job(interval=1, unit=minutes, do=show_notification, args=(), kwargs={})
2024-06-13 21:50:41,291 - show_notification called
2024-06-13 21:50:41,460 - Notification shown: Stay productive!
2024-06-13 21:50:41,460 - schedule_notifications called
2024-06-13 21:50:41,461 - Scheduling next notification in 1 minutes
2024-06-13 21:50:41,461 - Cancelling job "Job(interval=1, unit=minutes, do=show_notification, args=(), kwargs={})"
2024-06-13 21:50:43,198 - User is focusing.
2024-06-13 21:50:43,198 - Fish added at (107, 186) with color #7e5aeb
2024-06-13 21:51:41,522 - Running job Job(interval=1, unit=minutes, do=show_notification, args=(), kwargs={})
2024-06-13 21:51:41,525 - show_notification called
2024-06-13 21:51:41,703 - Notification shown: Stay productive!
2024-06-13 21:51:41,703 - schedule_notifications called
2024-06-13 21:51:41,703 - Scheduling next notification in 2 minutes
2024-06-13 21:51:41,703 - Cancelling job "Job(interval=1, unit=minutes, do=show_notification, args=(), kwargs={})"
2024-06-13 21:51:49,547 - User is focusing.
2024-06-13 21:51:49,548 - Fish added at (213, 370) with color #d182f3
2024-06-13 21:53:06,723 - Collision detected: <fish.Fish object at 0x7f7940046790> and <fish.Fish object at 0x7f7940046910>. Changed direction of <fish.Fish object at 0x7f7940046790>
2024-06-13 21:53:06,726 - Collision detected: <fish.Fish object at 0x7f7940046910> and <fish.Fish object at 0x7f7940046790>. Changed direction of <fish.Fish object at 0x7f7940046790>
2024-06-13 21:53:41,841 - Running job Job(interval=2, unit=minutes, do=show_notification, args=(), kwargs={})
2024-06-13 21:53:41,842 - show_notification called
2024-06-13 21:53:42,025 - Notification shown: Stay productive!
2024-06-13 21:53:42,025 - schedule_notifications called
2024-06-13 21:53:42,026 - Scheduling next notification in 1 minutes
2024-06-13 21:53:42,026 - Cancelling job "Job(interval=2, unit=minutes, do=show_notification, args=(), kwargs={})"
2024-06-13 21:53:51,542 - User is focusing.
2024-06-13 21:53:51,543 - Fish added at (744, 514) with color #cc5bb5
2024-06-13 21:53:57,224 - Collision detected: <fish.Fish object at 0x7f7940046910> and <fish.Fish object at 0x7f7940050a90>. Changed direction of <fish.Fish object at 0x7f7940046910>
2024-06-13 21:53:57,225 - Collision detected: <fish.Fish object at 0x7f7940050a90> and <fish.Fish object at 0x7f7940046910>. Changed direction of <fish.Fish object at 0x7f7940046910>
2024-06-13 21:53:57,277 - Collision detected: <fish.Fish object at 0x7f7940046910> and <fish.Fish object at 0x7f7940050a90>. Changed direction of <fish.Fish object at 0x7f7940046910>
2024-06-13 21:53:57,277 - Collision detected: <fish.Fish object at 0x7f7940050a90> and <fish.Fish object at 0x7f7940046910>. Changed direction of <fish.Fish object at 0x7f7940046910>
2024-06-13 21:54:20,336 - Collision detected: <fish.Fish object at 0x7f7940050970> and <fish.Fish object at 0x7f7940050a90>. Changed direction of <fish.Fish object at 0x7f7940050a90>
2024-06-13 21:54:20,337 - Collision detected: <fish.Fish object at 0x7f7940050a90> and <fish.Fish object at 0x7f7940050970>. Changed direction of <fish.Fish object at 0x7f7940050970>
2024-06-13 21:54:42,115 - Running job Job(interval=1, unit=minutes, do=show_notification, args=(), kwargs={})
2024-06-13 21:54:42,116 - show_notification called
2024-06-13 21:54:42,312 - Notification shown: Time to focus!
2024-06-13 21:54:42,312 - schedule_notifications called
2024-06-13 21:54:42,312 - Remaining time is less than 1 minute, stopping scheduling
2024-06-13 21:54:45,365 - User is focusing.
2024-06-13 21:54:45,365 - Fish added at (576, 89) with color #270736
2024-06-13 21:55:42,379 - Running job Job(interval=1, unit=minutes, do=show_notification, args=(), kwargs={})
2024-06-13 21:55:42,381 - show_notification called
2024-06-13 21:55:42,581 - Notification shown: Time to focus!
2024-06-13 22:02:25,934 - schedule_notifications called
2024-06-13 22:02:25,935 - Scheduling next notification in 2 minutes
2024-06-13 22:04:11,870 - schedule_notifications called
2024-06-13 22:04:11,870 - Scheduling next notification in 2 minutes
2024-06-13 22:04:18,672 - schedule_notifications called
2024-06-13 22:04:18,672 - Scheduling next notification in 2 minutes
2024-06-13 22:04:28,162 - schedule_notifications called
2024-06-13 22:04:28,162 - Scheduling next notification in 1 minutes
2024-06-13 22:05:28,195 - Running job Job(interval=1, unit=minutes, do=show_notification, args=(), kwargs={})
2024-06-13 22:05:28,196 - show_notification called
2024-06-13 22:05:28,444 - Notification shown: Are you procrastinating?
2024-06-13 22:05:28,447 - schedule_notifications called
2024-06-13 22:05:28,447 - Remaining time is less than 1 minute, stopping scheduling
2024-06-13 22:05:30,870 - User is focusing.
2024-06-13 22:05:30,871 - Fish added at (212, 104) with color #27aeb6
2024-06-13 22:06:28,513 - Running job Job(interval=1, unit=minutes, do=show_notification, args=(), kwargs={})
2024-06-13 22:06:28,515 - show_notification called
2024-06-13 22:06:28,664 - Notification shown: Remember your goals!
2024-06-13 22:06:28,671 - schedule_notifications called
2024-06-13 22:06:28,671 - Remaining time is less than 1 minute, stopping scheduling
2024-06-13 22:06:34,153 - User is focusing.
2024-06-13 22:06:34,153 - Fish added at (525, 286) with color #a1dbbf
2024-06-13 22:07:28,752 - Running job Job(interval=1, unit=minutes, do=show_notification, args=(), kwargs={})
2024-06-13 22:07:28,755 - show_notification called
2024-06-13 22:07:28,912 - Notification shown: Are you procrastinating?
2024-06-13 22:07:28,914 - schedule_notifications called
2024-06-13 22:07:28,914 - Remaining time is less than 1 minute, stopping scheduling
2024-06-13 22:07:31,856 - User is focusing.
2024-06-13 22:07:31,856 - Fish added at (310, 266) with color #35632f
2024-06-13 22:07:58,633 - Collision detected: <fish.Fish object at 0x7fc7a82e3e20> and <fish.Fish object at 0x7fc7a82ee5e0>. Changed direction of <fish.Fish object at 0x7fc7a82e3e20>
2024-06-13 22:07:58,635 - Collision detected: <fish.Fish object at 0x7fc7a82ee5e0> and <fish.Fish object at 0x7fc7a82e3e20>. Changed direction of <fish.Fish object at 0x7fc7a82e3e20>
2024-06-13 22:07:58,687 - Collision detected: <fish.Fish object at 0x7fc7a82e3e20> and <fish.Fish object at 0x7fc7a82ee5e0>. Changed direction of <fish.Fish object at 0x7fc7a82ee5e0>
2024-06-13 22:07:58,687 - Collision detected: <fish.Fish object at 0x7fc7a82ee5e0> and <fish.Fish object at 0x7fc7a82e3e20>. Changed direction of <fish.Fish object at 0x7fc7a82e3e20>
2024-06-13 22:07:58,739 - Collision detected: <fish.Fish object at 0x7fc7a82e3e20> and <fish.Fish object at 0x7fc7a82ee5e0>. Changed direction of <fish.Fish object at 0x7fc7a82ee5e0>
2024-06-13 22:07:58,740 - Collision detected: <fish.Fish object at 0x7fc7a82ee5e0> and <fish.Fish object at 0x7fc7a82e3e20>. Changed direction of <fish.Fish object at 0x7fc7a82ee5e0>
2024-06-13 22:07:58,791 - Collision detected: <fish.Fish object at 0x7fc7a82e3e20> and <fish.Fish object at 0x7fc7a82ee5e0>. Changed direction of <fish.Fish object at 0x7fc7a82ee5e0>
2024-06-13 22:07:58,792 - Collision detected: <fish.Fish object at 0x7fc7a82ee5e0> and <fish.Fish object at 0x7fc7a82e3e20>. Changed direction of <fish.Fish object at 0x7fc7a82e3e20>
2024-06-13 22:07:58,844 - Collision detected: <fish.Fish object at 0x7fc7a82e3e20> and <fish.Fish object at 0x7fc7a82ee5e0>. Changed direction of <fish.Fish object at 0x7fc7a82e3e20>
2024-06-13 22:07:58,845 - Collision detected: <fish.Fish object at 0x7fc7a82ee5e0> and <fish.Fish object at 0x7fc7a82e3e20>. Changed direction of <fish.Fish object at 0x7fc7a82e3e20>
2024-06-13 22:08:22,912 - Collision detected: <fish.Fish object at 0x7fc7a82d3e20> and <fish.Fish object at 0x7fc7a82ee5e0>. Changed direction of <fish.Fish object at 0x7fc7a82ee5e0>
2024-06-13 22:08:22,913 - Collision detected: <fish.Fish object at 0x7fc7a82ee5e0> and <fish.Fish object at 0x7fc7a82d3e20>. Changed direction of <fish.Fish object at 0x7fc7a82ee5e0>
2024-06-13 22:08:22,965 - Collision detected: <fish.Fish object at 0x7fc7a82d3e20> and <fish.Fish object at 0x7fc7a82ee5e0>. Changed direction of <fish.Fish object at 0x7fc7a82ee5e0>
2024-06-13 22:08:22,965 - Collision detected: <fish.Fish object at 0x7fc7a82ee5e0> and <fish.Fish object at 0x7fc7a82d3e20>. Changed direction of <fish.Fish object at 0x7fc7a82d3e20>
2024-06-13 22:08:29,008 - Running job Job(interval=1, unit=minutes, do=show_notification, args=(), kwargs={})
2024-06-13 22:08:29,009 - show_notification called
2024-06-13 22:08:29,164 - Notification shown: Time to focus!
2024-06-13 22:08:29,165 - schedule_notifications called
2024-06-13 22:08:29,165 - Remaining time is less than 1 minute, stopping scheduling
2024-06-13 22:08:32,461 - User is focusing.
2024-06-13 22:08:32,462 - Fish added at (483, 220) with color #ece93a
2024-06-13 22:08:59,484 - Collision detected: <fish.Fish object at 0x7fc7a82d3e20> and <fish.Fish object at 0x7fc7a82ee5e0>. Changed direction of <fish.Fish object at 0x7fc7a82ee5e0>
2024-06-13 22:08:59,486 - Collision detected: <fish.Fish object at 0x7fc7a82ee5e0> and <fish.Fish object at 0x7fc7a82d3e20>. Changed direction of <fish.Fish object at 0x7fc7a82ee5e0>
2024-06-13 22:08:59,538 - Collision detected: <fish.Fish object at 0x7fc7a82d3e20> and <fish.Fish object at 0x7fc7a82ee5e0>. Changed direction of <fish.Fish object at 0x7fc7a82ee5e0>
2024-06-13 22:08:59,539 - Collision detected: <fish.Fish object at 0x7fc7a82ee5e0> and <fish.Fish object at 0x7fc7a82d3e20>. Changed direction of <fish.Fish object at 0x7fc7a82ee5e0>
2024-06-13 22:08:59,591 - Collision detected: <fish.Fish object at 0x7fc7a82d3e20> and <fish.Fish object at 0x7fc7a82ee5e0>. Changed direction of <fish.Fish object at 0x7fc7a82ee5e0>
2024-06-13 22:08:59,591 - Collision detected: <fish.Fish object at 0x7fc7a82ee5e0> and <fish.Fish object at 0x7fc7a82d3e20>. Changed direction of <fish.Fish object at 0x7fc7a82d3e20>
2024-06-13 22:08:59,643 - Collision detected: <fish.Fish object at 0x7fc7a82d3e20> and <fish.Fish object at 0x7fc7a82ee5e0>. Changed direction of <fish.Fish object at 0x7fc7a82ee5e0>
2024-06-13 22:08:59,644 - Collision detected: <fish.Fish object at 0x7fc7a82ee5e0> and <fish.Fish object at 0x7fc7a82d3e20>. Changed direction of <fish.Fish object at 0x7fc7a82d3e20>
2024-06-13 22:08:59,696 - Collision detected: <fish.Fish object at 0x7fc7a82d3e20> and <fish.Fish object at 0x7fc7a82ee5e0>. Changed direction of <fish.Fish object at 0x7fc7a82d3e20>
2024-06-13 22:08:59,697 - Collision detected: <fish.Fish object at 0x7fc7a82ee5e0> and <fish.Fish object at 0x7fc7a82d3e20>. Changed direction of <fish.Fish object at 0x7fc7a82d3e20>
2024-06-13 22:08:59,749 - Collision detected: <fish.Fish object at 0x7fc7a82d3e20> and <fish.Fish object at 0x7fc7a82ee5e0>. Changed direction of <fish.Fish object at 0x7fc7a82ee5e0>
2024-06-13 22:08:59,749 - Collision detected: <fish.Fish object at 0x7fc7a82ee5e0> and <fish.Fish object at 0x7fc7a82d3e20>. Changed direction of <fish.Fish object at 0x7fc7a82ee5e0>
2024-06-13 22:08:59,802 - Collision detected: <fish.Fish object at 0x7fc7a82d3e20> and <fish.Fish object at 0x7fc7a82ee5e0>. Changed direction of <fish.Fish object at 0x7fc7a82d3e20>
2024-06-13 22:08:59,802 - Collision detected: <fish.Fish object at 0x7fc7a82ee5e0> and <fish.Fish object at 0x7fc7a82d3e20>. Changed direction of <fish.Fish object at 0x7fc7a82d3e20>
2024-06-13 22:08:59,854 - Collision detected: <fish.Fish object at 0x7fc7a82d3e20> and <fish.Fish object at 0x7fc7a82ee5e0>. Changed direction of <fish.Fish object at 0x7fc7a82ee5e0>
2024-06-13 22:08:59,854 - Collision detected: <fish.Fish object at 0x7fc7a82ee5e0> and <fish.Fish object at 0x7fc7a82d3e20>. Changed direction of <fish.Fish object at 0x7fc7a82d3e20>
2024-06-13 22:08:59,905 - Collision detected: <fish.Fish object at 0x7fc7a82d3e20> and <fish.Fish object at 0x7fc7a82ee5e0>. Changed direction of <fish.Fish object at 0x7fc7a82d3e20>
2024-06-13 22:08:59,905 - Collision detected: <fish.Fish object at 0x7fc7a82ee5e0> and <fish.Fish object at 0x7fc7a82d3e20>. Changed direction of <fish.Fish object at 0x7fc7a82d3e20>
2024-06-13 22:08:59,957 - Collision detected: <fish.Fish object at 0x7fc7a82d3e20> and <fish.Fish object at 0x7fc7a82ee5e0>. Changed direction of <fish.Fish object at 0x7fc7a82ee5e0>
2024-06-13 22:08:59,958 - Collision detected: <fish.Fish object at 0x7fc7a82ee5e0> and <fish.Fish object at 0x7fc7a82d3e20>. Changed direction of <fish.Fish object at 0x7fc7a82ee5e0>
2024-06-13 22:09:00,010 - Collision detected: <fish.Fish object at 0x7fc7a82d3e20> and <fish.Fish object at 0x7fc7a82ee5e0>. Changed direction of <fish.Fish object at 0x7fc7a82ee5e0>
2024-06-13 22:09:00,010 - Collision detected: <fish.Fish object at 0x7fc7a82ee5e0> and <fish.Fish object at 0x7fc7a82d3e20>. Changed direction of <fish.Fish object at 0x7fc7a82ee5e0>
2024-06-13 22:09:00,062 - Collision detected: <fish.Fish object at 0x7fc7a82d3e20> and <fish.Fish object at 0x7fc7a82ee5e0>. Changed direction of <fish.Fish object at 0x7fc7a82d3e20>
2024-06-13 22:09:00,062 - Collision detected: <fish.Fish object at 0x7fc7a82ee5e0> and <fish.Fish object at 0x7fc7a82d3e20>. Changed direction of <fish.Fish object at 0x7fc7a82ee5e0>
2024-06-13 22:09:00,114 - Collision detected: <fish.Fish object at 0x7fc7a82d3e20> and <fish.Fish object at 0x7fc7a82ee5e0>. Changed direction of <fish.Fish object at 0x7fc7a82d3e20>
2024-06-13 22:09:00,114 - Collision detected: <fish.Fish object at 0x7fc7a82ee5e0> and <fish.Fish object at 0x7fc7a82d3e20>. Changed direction of <fish.Fish object at 0x7fc7a82d3e20>
2024-06-13 22:09:00,166 - Collision detected: <fish.Fish object at 0x7fc7a82d3e20> and <fish.Fish object at 0x7fc7a82ee5e0>. Changed direction of <fish.Fish object at 0x7fc7a82ee5e0>
2024-06-13 22:09:00,166 - Collision detected: <fish.Fish object at 0x7fc7a82ee5e0> and <fish.Fish object at 0x7fc7a82d3e20>. Changed direction of <fish.Fish object at 0x7fc7a82ee5e0>
2024-06-13 22:09:00,217 - Collision detected: <fish.Fish object at 0x7fc7a82d3e20> and <fish.Fish object at 0x7fc7a82ee5e0>. Changed direction of <fish.Fish object at 0x7fc7a82ee5e0>
2024-06-13 22:09:00,218 - Collision detected: <fish.Fish object at 0x7fc7a82ee5e0> and <fish.Fish object at 0x7fc7a82d3e20>. Changed direction of <fish.Fish object at 0x7fc7a82ee5e0>
2024-06-13 22:09:00,271 - Collision detected: <fish.Fish object at 0x7fc7a82d3e20> and <fish.Fish object at 0x7fc7a82ee5e0>. Changed direction of <fish.Fish object at 0x7fc7a82ee5e0>
2024-06-13 22:09:00,271 - Collision detected: <fish.Fish object at 0x7fc7a82ee5e0> and <fish.Fish object at 0x7fc7a82d3e20>. Changed direction of <fish.Fish object at 0x7fc7a82d3e20>
2024-06-13 22:09:00,323 - Collision detected: <fish.Fish object at 0x7fc7a82d3e20> and <fish.Fish object at 0x7fc7a82ee5e0>. Changed direction of <fish.Fish object at 0x7fc7a82ee5e0>
2024-06-13 22:09:00,324 - Collision detected: <fish.Fish object at 0x7fc7a82ee5e0> and <fish.Fish object at 0x7fc7a82d3e20>. Changed direction of <fish.Fish object at 0x7fc7a82d3e20>
2024-06-13 22:09:00,375 - Collision detected: <fish.Fish object at 0x7fc7a82d3e20> and <fish.Fish object at 0x7fc7a82ee5e0>. Changed direction of <fish.Fish object at 0x7fc7a82d3e20>
2024-06-13 22:09:00,375 - Collision detected: <fish.Fish object at 0x7fc7a82ee5e0> and <fish.Fish object at 0x7fc7a82d3e20>. Changed direction of <fish.Fish object at 0x7fc7a82d3e20>
2024-06-13 22:09:00,427 - Collision detected: <fish.Fish object at 0x7fc7a82d3e20> and <fish.Fish object at 0x7fc7a82ee5e0>. Changed direction of <fish.Fish object at 0x7fc7a82d3e20>
2024-06-13 22:09:00,427 - Collision detected: <fish.Fish object at 0x7fc7a82ee5e0> and <fish.Fish object at 0x7fc7a82d3e20>. Changed direction of <fish.Fish object at 0x7fc7a82d3e20>
2024-06-13 22:09:00,479 - Collision detected: <fish.Fish object at 0x7fc7a82d3e20> and <fish.Fish object at 0x7fc7a82ee5e0>. Changed direction of <fish.Fish object at 0x7fc7a82ee5e0>
2024-06-13 22:09:00,480 - Collision detected: <fish.Fish object at 0x7fc7a82ee5e0> and <fish.Fish object at 0x7fc7a82d3e20>. Changed direction of <fish.Fish object at 0x7fc7a82ee5e0>
2024-06-13 22:09:00,531 - Collision detected: <fish.Fish object at 0x7fc7a82d3e20> and <fish.Fish object at 0x7fc7a82ee5e0>. Changed direction of <fish.Fish object at 0x7fc7a82ee5e0>
2024-06-13 22:09:00,531 - Collision detected: <fish.Fish object at 0x7fc7a82ee5e0> and <fish.Fish object at 0x7fc7a82d3e20>. Changed direction of <fish.Fish object at 0x7fc7a82d3e20>
2024-06-13 22:09:00,583 - Collision detected: <fish.Fish object at 0x7fc7a82d3e20> and <fish.Fish object at 0x7fc7a82ee5e0>. Changed direction of <fish.Fish object at 0x7fc7a82d3e20>
2024-06-13 22:09:00,584 - Collision detected: <fish.Fish object at 0x7fc7a82ee5e0> and <fish.Fish object at 0x7fc7a82d3e20>. Changed direction of <fish.Fish object at 0x7fc7a82ee5e0>
2024-06-13 22:09:00,636 - Collision detected: <fish.Fish object at 0x7fc7a82d3e20> and <fish.Fish object at 0x7fc7a82ee5e0>. Changed direction of <fish.Fish object at 0x7fc7a82d3e20>
2024-06-13 22:09:00,637 - Collision detected: <fish.Fish object at 0x7fc7a82ee5e0> and <fish.Fish object at 0x7fc7a82d3e20>. Changed direction of <fish.Fish object at 0x7fc7a82d3e20>
2024-06-13 22:09:00,690 - Collision detected: <fish.Fish object at 0x7fc7a82d3e20> and <fish.Fish object at 0x7fc7a82ee5e0>. Changed direction of <fish.Fish object at 0x7fc7a82ee5e0>
2024-06-13 22:09:00,690 - Collision detected: <fish.Fish object at 0x7fc7a82ee5e0> and <fish.Fish object at 0x7fc7a82d3e20>. Changed direction of <fish.Fish object at 0x7fc7a82ee5e0>
2024-06-13 22:09:00,742 - Collision detected: <fish.Fish object at 0x7fc7a82d3e20> and <fish.Fish object at 0x7fc7a82ee5e0>. Changed direction of <fish.Fish object at 0x7fc7a82ee5e0>
2024-06-13 22:09:00,748 - Collision detected: <fish.Fish object at 0x7fc7a82ee5e0> and <fish.Fish object at 0x7fc7a82d3e20>. Changed direction of <fish.Fish object at 0x7fc7a82ee5e0>
2024-06-13 22:09:00,801 - Collision detected: <fish.Fish object at 0x7fc7a82d3e20> and <fish.Fish object at 0x7fc7a82ee5e0>. Changed direction of <fish.Fish object at 0x7fc7a82d3e20>
2024-06-13 22:09:00,801 - Collision detected: <fish.Fish object at 0x7fc7a82ee5e0> and <fish.Fish object at 0x7fc7a82d3e20>. Changed direction of <fish.Fish object at 0x7fc7a82d3e20>
2024-06-13 22:09:00,853 - Collision detected: <fish.Fish object at 0x7fc7a82d3e20> and <fish.Fish object at 0x7fc7a82ee5e0>. Changed direction of <fish.Fish object at 0x7fc7a82ee5e0>
2024-06-13 22:09:00,854 - Collision detected: <fish.Fish object at 0x7fc7a82ee5e0> and <fish.Fish object at 0x7fc7a82d3e20>. Changed direction of <fish.Fish object at 0x7fc7a82d3e20>
2024-06-13 22:09:00,906 - Collision detected: <fish.Fish object at 0x7fc7a82d3e20> and <fish.Fish object at 0x7fc7a82ee5e0>. Changed direction of <fish.Fish object at 0x7fc7a82d3e20>
2024-06-13 22:09:00,906 - Collision detected: <fish.Fish object at 0x7fc7a82ee5e0> and <fish.Fish object at 0x7fc7a82d3e20>. Changed direction of <fish.Fish object at 0x7fc7a82ee5e0>
2024-06-13 22:09:00,959 - Collision detected: <fish.Fish object at 0x7fc7a82d3e20> and <fish.Fish object at 0x7fc7a82ee5e0>. Changed direction of <fish.Fish object at 0x7fc7a82ee5e0>
2024-06-13 22:09:00,960 - Collision detected: <fish.Fish object at 0x7fc7a82ee5e0> and <fish.Fish object at 0x7fc7a82d3e20>. Changed direction of <fish.Fish object at 0x7fc7a82d3e20>
2024-06-13 22:09:01,012 - Collision detected: <fish.Fish object at 0x7fc7a82d3e20> and <fish.Fish object at 0x7fc7a82ee5e0>. Changed direction of <fish.Fish object at 0x7fc7a82d3e20>
2024-06-13 22:09:01,012 - Collision detected: <fish.Fish object at 0x7fc7a82ee5e0> and <fish.Fish object at 0x7fc7a82d3e20>. Changed direction of <fish.Fish object at 0x7fc7a82ee5e0>
2024-06-13 22:09:01,065 - Collision detected: <fish.Fish object at 0x7fc7a82d3e20> and <fish.Fish object at 0x7fc7a82ee5e0>. Changed direction of <fish.Fish object at 0x7fc7a82d3e20>
2024-06-13 22:09:01,065 - Collision detected: <fish.Fish object at 0x7fc7a82ee5e0> and <fish.Fish object at 0x7fc7a82d3e20>. Changed direction of <fish.Fish object at 0x7fc7a82ee5e0>
2024-06-13 22:09:01,116 - Collision detected: <fish.Fish object at 0x7fc7a82d3e20> and <fish.Fish object at 0x7fc7a82ee5e0>. Changed direction of <fish.Fish object at 0x7fc7a82d3e20>
2024-06-13 22:09:01,117 - Collision detected: <fish.Fish object at 0x7fc7a82ee5e0> and <fish.Fish object at 0x7fc7a82d3e20>. Changed direction of <fish.Fish object at 0x7fc7a82ee5e0>
2024-06-13 22:09:01,169 - Collision detected: <fish.Fish object at 0x7fc7a82d3e20> and <fish.Fish object at 0x7fc7a82ee5e0>. Changed direction of <fish.Fish object at 0x7fc7a82d3e20>
2024-06-13 22:09:01,170 - Collision detected: <fish.Fish object at 0x7fc7a82ee5e0> and <fish.Fish object at 0x7fc7a82d3e20>. Changed direction of <fish.Fish object at 0x7fc7a82d3e20>
2024-06-13 22:09:01,222 - Collision detected: <fish.Fish object at 0x7fc7a82d3e20> and <fish.Fish object at 0x7fc7a82ee5e0>. Changed direction of <fish.Fish object at 0x7fc7a82d3e20>
2024-06-13 22:09:01,223 - Collision detected: <fish.Fish object at 0x7fc7a82ee5e0> and <fish.Fish object at 0x7fc7a82d3e20>. Changed direction of <fish.Fish object at 0x7fc7a82ee5e0>
2024-06-13 22:09:01,275 - Collision detected: <fish.Fish object at 0x7fc7a82d3e20> and <fish.Fish object at 0x7fc7a82ee5e0>. Changed direction of <fish.Fish object at 0x7fc7a82ee5e0>
2024-06-13 22:09:01,275 - Collision detected: <fish.Fish object at 0x7fc7a82ee5e0> and <fish.Fish object at 0x7fc7a82d3e20>. Changed direction of <fish.Fish object at 0x7fc7a82ee5e0>
2024-06-13 22:09:01,327 - Collision detected: <fish.Fish object at 0x7fc7a82d3e20> and <fish.Fish object at 0x7fc7a82ee5e0>. Changed direction of <fish.Fish object at 0x7fc7a82d3e20>
2024-06-13 22:09:01,327 - Collision detected: <fish.Fish object at 0x7fc7a82ee5e0> and <fish.Fish object at 0x7fc7a82d3e20>. Changed direction of <fish.Fish object at 0x7fc7a82d3e20>
2024-06-13 22:09:01,379 - Collision detected: <fish.Fish object at 0x7fc7a82d3e20> and <fish.Fish object at 0x7fc7a82ee5e0>. Changed direction of <fish.Fish object at 0x7fc7a82ee5e0>
2024-06-13 22:09:01,380 - Collision detected: <fish.Fish object at 0x7fc7a82ee5e0> and <fish.Fish object at 0x7fc7a82d3e20>. Changed direction of <fish.Fish object at 0x7fc7a82d3e20>
2024-06-13 22:09:01,432 - Collision detected: <fish.Fish object at 0x7fc7a82d3e20> and <fish.Fish object at 0x7fc7a82ee5e0>. Changed direction of <fish.Fish object at 0x7fc7a82ee5e0>
2024-06-13 22:09:01,432 - Collision detected: <fish.Fish object at 0x7fc7a82ee5e0> and <fish.Fish object at 0x7fc7a82d3e20>. Changed direction of <fish.Fish object at 0x7fc7a82ee5e0>
2024-06-13 22:09:01,484 - Collision detected: <fish.Fish object at 0x7fc7a82d3e20> and <fish.Fish object at 0x7fc7a82ee5e0>. Changed direction of <fish.Fish object at 0x7fc7a82d3e20>
2024-06-13 22:09:01,485 - Collision detected: <fish.Fish object at 0x7fc7a82ee5e0> and <fish.Fish object at 0x7fc7a82d3e20>. Changed direction of <fish.Fish object at 0x7fc7a82d3e20>
2024-06-13 22:09:01,537 - Collision detected: <fish.Fish object at 0x7fc7a82d3e20> and <fish.Fish object at 0x7fc7a82ee5e0>. Changed direction of <fish.Fish object at 0x7fc7a82d3e20>
2024-06-13 22:09:01,537 - Collision detected: <fish.Fish object at 0x7fc7a82ee5e0> and <fish.Fish object at 0x7fc7a82d3e20>. Changed direction of <fish.Fish object at 0x7fc7a82d3e20>
2024-06-13 22:09:01,589 - Collision detected: <fish.Fish object at 0x7fc7a82d3e20> and <fish.Fish object at 0x7fc7a82ee5e0>. Changed direction of <fish.Fish object at 0x7fc7a82d3e20>
2024-06-13 22:09:01,590 - Collision detected: <fish.Fish object at 0x7fc7a82ee5e0> and <fish.Fish object at 0x7fc7a82d3e20>. Changed direction of <fish.Fish object at 0x7fc7a82d3e20>
2024-06-13 22:09:01,641 - Collision detected: <fish.Fish object at 0x7fc7a82d3e20> and <fish.Fish object at 0x7fc7a82ee5e0>. Changed direction of <fish.Fish object at 0x7fc7a82d3e20>
2024-06-13 22:09:01,641 - Collision detected: <fish.Fish object at 0x7fc7a82ee5e0> and <fish.Fish object at 0x7fc7a82d3e20>. Changed direction of <fish.Fish object at 0x7fc7a82d3e20>
2024-06-13 22:09:01,693 - Collision detected: <fish.Fish object at 0x7fc7a82d3e20> and <fish.Fish object at 0x7fc7a82ee5e0>. Changed direction of <fish.Fish object at 0x7fc7a82ee5e0>
2024-06-13 22:09:01,694 - Collision detected: <fish.Fish object at 0x7fc7a82ee5e0> and <fish.Fish object at 0x7fc7a82d3e20>. Changed direction of <fish.Fish object at 0x7fc7a82d3e20>
2024-06-13 22:09:01,745 - Collision detected: <fish.Fish object at 0x7fc7a82d3e20> and <fish.Fish object at 0x7fc7a82ee5e0>. Changed direction of <fish.Fish object at 0x7fc7a82d3e20>
2024-06-13 22:09:01,745 - Collision detected: <fish.Fish object at 0x7fc7a82ee5e0> and <fish.Fish object at 0x7fc7a82d3e20>. Changed direction of <fish.Fish object at 0x7fc7a82ee5e0>
2024-06-13 22:09:01,797 - Collision detected: <fish.Fish object at 0x7fc7a82d3e20> and <fish.Fish object at 0x7fc7a82ee5e0>. Changed direction of <fish.Fish object at 0x7fc7a82d3e20>
2024-06-13 22:09:01,798 - Collision detected: <fish.Fish object at 0x7fc7a82ee5e0> and <fish.Fish object at 0x7fc7a82d3e20>. Changed direction of <fish.Fish object at 0x7fc7a82d3e20>
2024-06-13 22:09:01,850 - Collision detected: <fish.Fish object at 0x7fc7a82d3e20> and <fish.Fish object at 0x7fc7a82ee5e0>. Changed direction of <fish.Fish object at 0x7fc7a82ee5e0>
2024-06-13 22:09:01,850 - Collision detected: <fish.Fish object at 0x7fc7a82ee5e0> and <fish.Fish object at 0x7fc7a82d3e20>. Changed direction of <fish.Fish object at 0x7fc7a82ee5e0>
2024-06-13 22:09:01,903 - Collision detected: <fish.Fish object at 0x7fc7a82d3e20> and <fish.Fish object at 0x7fc7a82ee5e0>. Changed direction of <fish.Fish object at 0x7fc7a82d3e20>
2024-06-13 22:09:01,903 - Collision detected: <fish.Fish object at 0x7fc7a82ee5e0> and <fish.Fish object at 0x7fc7a82d3e20>. Changed direction of <fish.Fish object at 0x7fc7a82d3e20>
2024-06-13 22:09:01,955 - Collision detected: <fish.Fish object at 0x7fc7a82d3e20> and <fish.Fish object at 0x7fc7a82ee5e0>. Changed direction of <fish.Fish object at 0x7fc7a82ee5e0>
2024-06-13 22:09:01,955 - Collision detected: <fish.Fish object at 0x7fc7a82ee5e0> and <fish.Fish object at 0x7fc7a82d3e20>. Changed direction of <fish.Fish object at 0x7fc7a82ee5e0>
2024-06-13 22:09:02,007 - Collision detected: <fish.Fish object at 0x7fc7a82d3e20> and <fish.Fish object at 0x7fc7a82ee5e0>. Changed direction of <fish.Fish object at 0x7fc7a82ee5e0>
2024-06-13 22:09:02,007 - Collision detected: <fish.Fish object at 0x7fc7a82ee5e0> and <fish.Fish object at 0x7fc7a82d3e20>. Changed direction of <fish.Fish object at 0x7fc7a82ee5e0>
2024-06-13 22:09:02,060 - Collision detected: <fish.Fish object at 0x7fc7a82d3e20> and <fish.Fish object at 0x7fc7a82ee5e0>. Changed direction of <fish.Fish object at 0x7fc7a82d3e20>
2024-06-13 22:09:02,060 - Collision detected: <fish.Fish object at 0x7fc7a82ee5e0> and <fish.Fish object at 0x7fc7a82d3e20>. Changed direction of <fish.Fish object at 0x7fc7a82d3e20>
2024-06-13 22:09:02,113 - Collision detected: <fish.Fish object at 0x7fc7a82d3e20> and <fish.Fish object at 0x7fc7a82ee5e0>. Changed direction of <fish.Fish object at 0x7fc7a82d3e20>
2024-06-13 22:09:02,114 - Collision detected: <fish.Fish object at 0x7fc7a82ee5e0> and <fish.Fish object at 0x7fc7a82d3e20>. Changed direction of <fish.Fish object at 0x7fc7a82d3e20>
2024-06-13 22:09:02,165 - Collision detected: <fish.Fish object at 0x7fc7a82d3e20> and <fish.Fish object at 0x7fc7a82ee5e0>. Changed direction of <fish.Fish object at 0x7fc7a82d3e20>
2024-06-13 22:09:02,165 - Collision detected: <fish.Fish object at 0x7fc7a82ee5e0> and <fish.Fish object at 0x7fc7a82d3e20>. Changed direction of <fish.Fish object at 0x7fc7a82d3e20>
2024-06-13 22:09:02,218 - Collision detected: <fish.Fish object at 0x7fc7a82d3e20> and <fish.Fish object at 0x7fc7a82ee5e0>. Changed direction of <fish.Fish object at 0x7fc7a82d3e20>
2024-06-13 22:09:02,218 - Collision detected: <fish.Fish object at 0x7fc7a82ee5e0> and <fish.Fish object at 0x7fc7a82d3e20>. Changed direction of <fish.Fish object at 0x7fc7a82d3e20>
2024-06-13 22:09:02,269 - Collision detected: <fish.Fish object at 0x7fc7a82d3e20> and <fish.Fish object at 0x7fc7a82ee5e0>. Changed direction of <fish.Fish object at 0x7fc7a82d3e20>
2024-06-13 22:09:02,270 - Collision detected: <fish.Fish object at 0x7fc7a82ee5e0> and <fish.Fish object at 0x7fc7a82d3e20>. Changed direction of <fish.Fish object at 0x7fc7a82d3e20>
2024-06-13 22:09:02,322 - Collision detected: <fish.Fish object at 0x7fc7a82d3e20> and <fish.Fish object at 0x7fc7a82ee5e0>. Changed direction of <fish.Fish object at 0x7fc7a82ee5e0>
2024-06-13 22:09:02,322 - Collision detected: <fish.Fish object at 0x7fc7a82ee5e0> and <fish.Fish object at 0x7fc7a82d3e20>. Changed direction of <fish.Fish object at 0x7fc7a82ee5e0>
2024-06-13 22:09:02,374 - Collision detected: <fish.Fish object at 0x7fc7a82d3e20> and <fish.Fish object at 0x7fc7a82ee5e0>. Changed direction of <fish.Fish object at 0x7fc7a82d3e20>
2024-06-13 22:09:02,375 - Collision detected: <fish.Fish object at 0x7fc7a82ee5e0> and <fish.Fish object at 0x7fc7a82d3e20>. Changed direction of <fish.Fish object at 0x7fc7a82d3e20>
2024-06-13 22:09:02,427 - Collision detected: <fish.Fish object at 0x7fc7a82d3e20> and <fish.Fish object at 0x7fc7a82ee5e0>. Changed direction of <fish.Fish object at 0x7fc7a82ee5e0>
2024-06-13 22:09:02,428 - Collision detected: <fish.Fish object at 0x7fc7a82ee5e0> and <fish.Fish object at 0x7fc7a82d3e20>. Changed direction of <fish.Fish object at 0x7fc7a82ee5e0>
2024-06-13 22:09:02,479 - Collision detected: <fish.Fish object at 0x7fc7a82d3e20> and <fish.Fish object at 0x7fc7a82ee5e0>. Changed direction of <fish.Fish object at 0x7fc7a82d3e20>
2024-06-13 22:09:02,480 - Collision detected: <fish.Fish object at 0x7fc7a82ee5e0> and <fish.Fish object at 0x7fc7a82d3e20>. Changed direction of <fish.Fish object at 0x7fc7a82d3e20>
2024-06-13 22:09:02,531 - Collision detected: <fish.Fish object at 0x7fc7a82d3e20> and <fish.Fish object at 0x7fc7a82ee5e0>. Changed direction of <fish.Fish object at 0x7fc7a82ee5e0>
2024-06-13 22:09:02,532 - Collision detected: <fish.Fish object at 0x7fc7a82ee5e0> and <fish.Fish object at 0x7fc7a82d3e20>. Changed direction of <fish.Fish object at 0x7fc7a82d3e20>
2024-06-13 22:09:02,584 - Collision detected: <fish.Fish object at 0x7fc7a82d3e20> and <fish.Fish object at 0x7fc7a82ee5e0>. Changed direction of <fish.Fish object at 0x7fc7a82d3e20>
2024-06-13 22:09:02,585 - Collision detected: <fish.Fish object at 0x7fc7a82ee5e0> and <fish.Fish object at 0x7fc7a82d3e20>. Changed direction of <fish.Fish object at 0x7fc7a82d3e20>
2024-06-13 22:09:02,636 - Collision detected: <fish.Fish object at 0x7fc7a82d3e20> and <fish.Fish object at 0x7fc7a82ee5e0>. Changed direction of <fish.Fish object at 0x7fc7a82ee5e0>
2024-06-13 22:09:02,637 - Collision detected: <fish.Fish object at 0x7fc7a82ee5e0> and <fish.Fish object at 0x7fc7a82d3e20>. Changed direction of <fish.Fish object at 0x7fc7a82ee5e0>
2024-06-13 22:09:02,689 - Collision detected: <fish.Fish object at 0x7fc7a82d3e20> and <fish.Fish object at 0x7fc7a82ee5e0>. Changed direction of <fish.Fish object at 0x7fc7a82ee5e0>
2024-06-13 22:09:02,689 - Collision detected: <fish.Fish object at 0x7fc7a82ee5e0> and <fish.Fish object at 0x7fc7a82d3e20>. Changed direction of <fish.Fish object at 0x7fc7a82ee5e0>
2024-06-13 22:09:02,740 - Collision detected: <fish.Fish object at 0x7fc7a82d3e20> and <fish.Fish object at 0x7fc7a82ee5e0>. Changed direction of <fish.Fish object at 0x7fc7a82d3e20>
2024-06-13 22:09:02,741 - Collision detected: <fish.Fish object at 0x7fc7a82ee5e0> and <fish.Fish object at 0x7fc7a82d3e20>. Changed direction of <fish.Fish object at 0x7fc7a82d3e20>
2024-06-13 22:09:02,793 - Collision detected: <fish.Fish object at 0x7fc7a82d3e20> and <fish.Fish object at 0x7fc7a82ee5e0>. Changed direction of <fish.Fish object at 0x7fc7a82ee5e0>
2024-06-13 22:09:02,794 - Collision detected: <fish.Fish object at 0x7fc7a82ee5e0> and <fish.Fish object at 0x7fc7a82d3e20>. Changed direction of <fish.Fish object at 0x7fc7a82d3e20>
2024-06-13 22:09:02,847 - Collision detected: <fish.Fish object at 0x7fc7a82d3e20> and <fish.Fish object at 0x7fc7a82ee5e0>. Changed direction of <fish.Fish object at 0x7fc7a82ee5e0>
2024-06-13 22:09:02,847 - Collision detected: <fish.Fish object at 0x7fc7a82ee5e0> and <fish.Fish object at 0x7fc7a82d3e20>. Changed direction of <fish.Fish object at 0x7fc7a82d3e20>
2024-06-13 22:09:02,899 - Collision detected: <fish.Fish object at 0x7fc7a82d3e20> and <fish.Fish object at 0x7fc7a82ee5e0>. Changed direction of <fish.Fish object at 0x7fc7a82d3e20>
2024-06-13 22:09:02,900 - Collision detected: <fish.Fish object at 0x7fc7a82ee5e0> and <fish.Fish object at 0x7fc7a82d3e20>. Changed direction of <fish.Fish object at 0x7fc7a82d3e20>
2024-06-13 22:09:02,952 - Collision detected: <fish.Fish object at 0x7fc7a82d3e20> and <fish.Fish object at 0x7fc7a82ee5e0>. Changed direction of <fish.Fish object at 0x7fc7a82ee5e0>
2024-06-13 22:09:02,952 - Collision detected: <fish.Fish object at 0x7fc7a82ee5e0> and <fish.Fish object at 0x7fc7a82d3e20>. Changed direction of <fish.Fish object at 0x7fc7a82ee5e0>
2024-06-13 22:09:03,004 - Collision detected: <fish.Fish object at 0x7fc7a82d3e20> and <fish.Fish object at 0x7fc7a82ee5e0>. Changed direction of <fish.Fish object at 0x7fc7a82d3e20>
2024-06-13 22:09:03,005 - Collision detected: <fish.Fish object at 0x7fc7a82ee5e0> and <fish.Fish object at 0x7fc7a82d3e20>. Changed direction of <fish.Fish object at 0x7fc7a82ee5e0>
2024-06-13 22:09:03,057 - Collision detected: <fish.Fish object at 0x7fc7a82d3e20> and <fish.Fish object at 0x7fc7a82ee5e0>. Changed direction of <fish.Fish object at 0x7fc7a82d3e20>
2024-06-13 22:09:03,058 - Collision detected: <fish.Fish object at 0x7fc7a82ee5e0> and <fish.Fish object at 0x7fc7a82d3e20>. Changed direction of <fish.Fish object at 0x7fc7a82ee5e0>
2024-06-13 22:09:03,111 - Collision detected: <fish.Fish object at 0x7fc7a82d3e20> and <fish.Fish object at 0x7fc7a82ee5e0>. Changed direction of <fish.Fish object at 0x7fc7a82ee5e0>
2024-06-13 22:09:03,111 - Collision detected: <fish.Fish object at 0x7fc7a82ee5e0> and <fish.Fish object at 0x7fc7a82d3e20>. Changed direction of <fish.Fish object at 0x7fc7a82ee5e0>
2024-06-13 22:09:03,163 - Collision detected: <fish.Fish object at 0x7fc7a82d3e20> and <fish.Fish object at 0x7fc7a82ee5e0>. Changed direction of <fish.Fish object at 0x7fc7a82d3e20>
2024-06-13 22:09:03,164 - Collision detected: <fish.Fish object at 0x7fc7a82ee5e0> and <fish.Fish object at 0x7fc7a82d3e20>. Changed direction of <fish.Fish object at 0x7fc7a82d3e20>
2024-06-13 22:09:03,215 - Collision detected: <fish.Fish object at 0x7fc7a82d3e20> and <fish.Fish object at 0x7fc7a82ee5e0>. Changed direction of <fish.Fish object at 0x7fc7a82ee5e0>
2024-06-13 22:09:03,215 - Collision detected: <fish.Fish object at 0x7fc7a82ee5e0> and <fish.Fish object at 0x7fc7a82d3e20>. Changed direction of <fish.Fish object at 0x7fc7a82d3e20>
2024-06-13 22:09:03,267 - Collision detected: <fish.Fish object at 0x7fc7a82d3e20> and <fish.Fish object at 0x7fc7a82ee5e0>. Changed direction of <fish.Fish object at 0x7fc7a82ee5e0>
2024-06-13 22:09:03,267 - Collision detected: <fish.Fish object at 0x7fc7a82ee5e0> and <fish.Fish object at 0x7fc7a82d3e20>. Changed direction of <fish.Fish object at 0x7fc7a82ee5e0>
2024-06-13 22:09:03,320 - Collision detected: <fish.Fish object at 0x7fc7a82d3e20> and <fish.Fish object at 0x7fc7a82ee5e0>. Changed direction of <fish.Fish object at 0x7fc7a82d3e20>
2024-06-13 22:09:03,320 - Collision detected: <fish.Fish object at 0x7fc7a82ee5e0> and <fish.Fish object at 0x7fc7a82d3e20>. Changed direction of <fish.Fish object at 0x7fc7a82d3e20>
2024-06-13 22:09:03,372 - Collision detected: <fish.Fish object at 0x7fc7a82d3e20> and <fish.Fish object at 0x7fc7a82ee5e0>. Changed direction of <fish.Fish object at 0x7fc7a82d3e20>
2024-06-13 22:09:03,373 - Collision detected: <fish.Fish object at 0x7fc7a82ee5e0> and <fish.Fish object at 0x7fc7a82d3e20>. Changed direction of <fish.Fish object at 0x7fc7a82ee5e0>
2024-06-13 22:09:03,425 - Collision detected: <fish.Fish object at 0x7fc7a82d3e20> and <fish.Fish object at 0x7fc7a82ee5e0>. Changed direction of <fish.Fish object at 0x7fc7a82ee5e0>
2024-06-13 22:09:03,426 - Collision detected: <fish.Fish object at 0x7fc7a82ee5e0> and <fish.Fish object at 0x7fc7a82d3e20>. Changed direction of <fish.Fish object at 0x7fc7a82d3e20>
2024-06-13 22:09:03,478 - Collision detected: <fish.Fish object at 0x7fc7a82d3e20> and <fish.Fish object at 0x7fc7a82ee5e0>. Changed direction of <fish.Fish object at 0x7fc7a82d3e20>
2024-06-13 22:09:03,479 - Collision detected: <fish.Fish object at 0x7fc7a82ee5e0> and <fish.Fish object at 0x7fc7a82d3e20>. Changed direction of <fish.Fish object at 0x7fc7a82d3e20>
2024-06-13 22:09:03,530 - Collision detected: <fish.Fish object at 0x7fc7a82d3e20> and <fish.Fish object at 0x7fc7a82ee5e0>. Changed direction of <fish.Fish object at 0x7fc7a82d3e20>
2024-06-13 22:09:03,531 - Collision detected: <fish.Fish object at 0x7fc7a82ee5e0> and <fish.Fish object at 0x7fc7a82d3e20>. Changed direction of <fish.Fish object at 0x7fc7a82d3e20>
2024-06-13 22:09:03,582 - Collision detected: <fish.Fish object at 0x7fc7a82d3e20> and <fish.Fish object at 0x7fc7a82ee5e0>. Changed direction of <fish.Fish object at 0x7fc7a82d3e20>
2024-06-13 22:09:03,583 - Collision detected: <fish.Fish object at 0x7fc7a82ee5e0> and <fish.Fish object at 0x7fc7a82d3e20>. Changed direction of <fish.Fish object at 0x7fc7a82ee5e0>
2024-06-13 22:09:03,634 - Collision detected: <fish.Fish object at 0x7fc7a82d3e20> and <fish.Fish object at 0x7fc7a82ee5e0>. Changed direction of <fish.Fish object at 0x7fc7a82ee5e0>
2024-06-13 22:09:03,635 - Collision detected: <fish.Fish object at 0x7fc7a82ee5e0> and <fish.Fish object at 0x7fc7a82d3e20>. Changed direction of <fish.Fish object at 0x7fc7a82d3e20>
2024-06-13 22:09:03,687 - Collision detected: <fish.Fish object at 0x7fc7a82d3e20> and <fish.Fish object at 0x7fc7a82ee5e0>. Changed direction of <fish.Fish object at 0x7fc7a82ee5e0>
2024-06-13 22:09:03,687 - Collision detected: <fish.Fish object at 0x7fc7a82ee5e0> and <fish.Fish object at 0x7fc7a82d3e20>. Changed direction of <fish.Fish object at 0x7fc7a82d3e20>
2024-06-13 22:09:03,740 - Collision detected: <fish.Fish object at 0x7fc7a82d3e20> and <fish.Fish object at 0x7fc7a82ee5e0>. Changed direction of <fish.Fish object at 0x7fc7a82ee5e0>
2024-06-13 22:09:03,740 - Collision detected: <fish.Fish object at 0x7fc7a82ee5e0> and <fish.Fish object at 0x7fc7a82d3e20>. Changed direction of <fish.Fish object at 0x7fc7a82d3e20>
2024-06-13 22:09:03,792 - Collision detected: <fish.Fish object at 0x7fc7a82d3e20> and <fish.Fish object at 0x7fc7a82ee5e0>. Changed direction of <fish.Fish object at 0x7fc7a82d3e20>
2024-06-13 22:09:03,793 - Collision detected: <fish.Fish object at 0x7fc7a82ee5e0> and <fish.Fish object at 0x7fc7a82d3e20>. Changed direction of <fish.Fish object at 0x7fc7a82ee5e0>
2024-06-13 22:09:03,845 - Collision detected: <fish.Fish object at 0x7fc7a82d3e20> and <fish.Fish object at 0x7fc7a82ee5e0>. Changed direction of <fish.Fish object at 0x7fc7a82ee5e0>
2024-06-13 22:09:03,846 - Collision detected: <fish.Fish object at 0x7fc7a82ee5e0> and <fish.Fish object at 0x7fc7a82d3e20>. Changed direction of <fish.Fish object at 0x7fc7a82ee5e0>
2024-06-13 22:09:03,898 - Collision detected: <fish.Fish object at 0x7fc7a82d3e20> and <fish.Fish object at 0x7fc7a82ee5e0>. Changed direction of <fish.Fish object at 0x7fc7a82d3e20>
2024-06-13 22:09:03,898 - Collision detected: <fish.Fish object at 0x7fc7a82ee5e0> and <fish.Fish object at 0x7fc7a82d3e20>. Changed direction of <fish.Fish object at 0x7fc7a82ee5e0>
2024-06-13 22:09:03,950 - Collision detected: <fish.Fish object at 0x7fc7a82d3e20> and <fish.Fish object at 0x7fc7a82ee5e0>. Changed direction of <fish.Fish object at 0x7fc7a82d3e20>
2024-06-13 22:09:03,951 - Collision detected: <fish.Fish object at 0x7fc7a82ee5e0> and <fish.Fish object at 0x7fc7a82d3e20>. Changed direction of <fish.Fish object at 0x7fc7a82ee5e0>
2024-06-13 22:09:24,650 - Collision detected: <fish.Fish object at 0x7fc7a82e3e20> and <fish.Fish object at 0x7fc7a82ee5e0>. Changed direction of <fish.Fish object at 0x7fc7a82ee5e0>
2024-06-13 22:09:24,650 - Collision detected: <fish.Fish object at 0x7fc7a82ee5e0> and <fish.Fish object at 0x7fc7a82e3e20>. Changed direction of <fish.Fish object at 0x7fc7a82ee5e0>
2024-06-13 22:09:24,703 - Collision detected: <fish.Fish object at 0x7fc7a82e3e20> and <fish.Fish object at 0x7fc7a82ee5e0>. Changed direction of <fish.Fish object at 0x7fc7a82e3e20>
2024-06-13 22:09:24,703 - Collision detected: <fish.Fish object at 0x7fc7a82ee5e0> and <fish.Fish object at 0x7fc7a82e3e20>. Changed direction of <fish.Fish object at 0x7fc7a82ee5e0>
2024-06-13 22:09:24,755 - Collision detected: <fish.Fish object at 0x7fc7a82e3e20> and <fish.Fish object at 0x7fc7a82ee5e0>. Changed direction of <fish.Fish object at 0x7fc7a82e3e20>
2024-06-13 22:09:24,756 - Collision detected: <fish.Fish object at 0x7fc7a82ee5e0> and <fish.Fish object at 0x7fc7a82e3e20>. Changed direction of <fish.Fish object at 0x7fc7a82e3e20>
2024-06-13 22:09:24,808 - Collision detected: <fish.Fish object at 0x7fc7a82e3e20> and <fish.Fish object at 0x7fc7a82ee5e0>. Changed direction of <fish.Fish object at 0x7fc7a82ee5e0>
2024-06-13 22:09:24,809 - Collision detected: <fish.Fish object at 0x7fc7a82ee5e0> and <fish.Fish object at 0x7fc7a82e3e20>. Changed direction of <fish.Fish object at 0x7fc7a82e3e20>
2024-06-13 22:09:24,862 - Collision detected: <fish.Fish object at 0x7fc7a82e3e20> and <fish.Fish object at 0x7fc7a82ee5e0>. Changed direction of <fish.Fish object at 0x7fc7a82e3e20>
2024-06-13 22:09:24,862 - Collision detected: <fish.Fish object at 0x7fc7a82ee5e0> and <fish.Fish object at 0x7fc7a82e3e20>. Changed direction of <fish.Fish object at 0x7fc7a82ee5e0>
2024-06-13 22:09:24,914 - Collision detected: <fish.Fish object at 0x7fc7a82e3e20> and <fish.Fish object at 0x7fc7a82ee5e0>. Changed direction of <fish.Fish object at 0x7fc7a82e3e20>
2024-06-13 22:09:24,914 - Collision detected: <fish.Fish object at 0x7fc7a82ee5e0> and <fish.Fish object at 0x7fc7a82e3e20>. Changed direction of <fish.Fish object at 0x7fc7a82e3e20>
2024-06-13 22:09:24,967 - Collision detected: <fish.Fish object at 0x7fc7a82e3e20> and <fish.Fish object at 0x7fc7a82ee5e0>. Changed direction of <fish.Fish object at 0x7fc7a82e3e20>
2024-06-13 22:09:24,967 - Collision detected: <fish.Fish object at 0x7fc7a82ee5e0> and <fish.Fish object at 0x7fc7a82e3e20>. Changed direction of <fish.Fish object at 0x7fc7a82e3e20>
2024-06-13 22:09:25,019 - Collision detected: <fish.Fish object at 0x7fc7a82e3e20> and <fish.Fish object at 0x7fc7a82ee5e0>. Changed direction of <fish.Fish object at 0x7fc7a82ee5e0>
2024-06-13 22:09:25,019 - Collision detected: <fish.Fish object at 0x7fc7a82ee5e0> and <fish.Fish object at 0x7fc7a82e3e20>. Changed direction of <fish.Fish object at 0x7fc7a82ee5e0>
2024-06-13 22:09:25,072 - Collision detected: <fish.Fish object at 0x7fc7a82e3e20> and <fish.Fish object at 0x7fc7a82ee5e0>. Changed direction of <fish.Fish object at 0x7fc7a82e3e20>
2024-06-13 22:09:25,072 - Collision detected: <fish.Fish object at 0x7fc7a82ee5e0> and <fish.Fish object at 0x7fc7a82e3e20>. Changed direction of <fish.Fish object at 0x7fc7a82e3e20>
2024-06-13 22:09:25,124 - Collision detected: <fish.Fish object at 0x7fc7a82e3e20> and <fish.Fish object at 0x7fc7a82ee5e0>. Changed direction of <fish.Fish object at 0x7fc7a82e3e20>
2024-06-13 22:09:25,125 - Collision detected: <fish.Fish object at 0x7fc7a82ee5e0> and <fish.Fish object at 0x7fc7a82e3e20>. Changed direction of <fish.Fish object at 0x7fc7a82ee5e0>
2024-06-13 22:09:25,177 - Collision detected: <fish.Fish object at 0x7fc7a82e3e20> and <fish.Fish object at 0x7fc7a82ee5e0>. Changed direction of <fish.Fish object at 0x7fc7a82e3e20>
2024-06-13 22:09:25,178 - Collision detected: <fish.Fish object at 0x7fc7a82ee5e0> and <fish.Fish object at 0x7fc7a82e3e20>. Changed direction of <fish.Fish object at 0x7fc7a82ee5e0>
2024-06-13 22:09:25,230 - Collision detected: <fish.Fish object at 0x7fc7a82e3e20> and <fish.Fish object at 0x7fc7a82ee5e0>. Changed direction of <fish.Fish object at 0x7fc7a82e3e20>
2024-06-13 22:09:25,231 - Collision detected: <fish.Fish object at 0x7fc7a82ee5e0> and <fish.Fish object at 0x7fc7a82e3e20>. Changed direction of <fish.Fish object at 0x7fc7a82e3e20>
2024-06-13 22:09:25,282 - Collision detected: <fish.Fish object at 0x7fc7a82e3e20> and <fish.Fish object at 0x7fc7a82ee5e0>. Changed direction of <fish.Fish object at 0x7fc7a82e3e20>
2024-06-13 22:09:25,282 - Collision detected: <fish.Fish object at 0x7fc7a82ee5e0> and <fish.Fish object at 0x7fc7a82e3e20>. Changed direction of <fish.Fish object at 0x7fc7a82ee5e0>
2024-06-13 22:09:25,334 - Collision detected: <fish.Fish object at 0x7fc7a82e3e20> and <fish.Fish object at 0x7fc7a82ee5e0>. Changed direction of <fish.Fish object at 0x7fc7a82e3e20>
2024-06-13 22:09:25,335 - Collision detected: <fish.Fish object at 0x7fc7a82ee5e0> and <fish.Fish object at 0x7fc7a82e3e20>. Changed direction of <fish.Fish object at 0x7fc7a82e3e20>
2024-06-13 22:09:25,386 - Collision detected: <fish.Fish object at 0x7fc7a82e3e20> and <fish.Fish object at 0x7fc7a82ee5e0>. Changed direction of <fish.Fish object at 0x7fc7a82e3e20>
2024-06-13 22:09:25,387 - Collision detected: <fish.Fish object at 0x7fc7a82ee5e0> and <fish.Fish object at 0x7fc7a82e3e20>. Changed direction of <fish.Fish object at 0x7fc7a82ee5e0>
2024-06-13 22:09:29,230 - Running job Job(interval=1, unit=minutes, do=show_notification, args=(), kwargs={})
2024-06-13 22:09:29,231 - show_notification called
2024-06-13 22:09:29,406 - Notification shown: Are you procrastinating?
2024-06-13 22:09:29,407 - schedule_notifications called
2024-06-13 22:09:29,407 - Remaining time is less than 1 minute, stopping scheduling
2024-06-13 22:09:31,626 - User is focusing.
2024-06-13 22:09:31,626 - Fish added at (387, 127) with color #8f0b8f
2024-06-13 22:09:32,250 - Collision detected: <fish.Fish object at 0x7fc7a82ee5e0> and <fish.Fish object at 0x7fc7a82ee7f0>. Changed direction of <fish.Fish object at 0x7fc7a82ee5e0>
2024-06-13 22:09:32,251 - Collision detected: <fish.Fish object at 0x7fc7a82ee7f0> and <fish.Fish object at 0x7fc7a82ee5e0>. Changed direction of <fish.Fish object at 0x7fc7a82ee7f0>
2024-06-13 22:09:38,031 - Collision detected: <fish.Fish object at 0x7fc7a82d3e20> and <fish.Fish object at 0x7fc7a82ee7f0>. Changed direction of <fish.Fish object at 0x7fc7a82d3e20>
2024-06-13 22:09:38,031 - Collision detected: <fish.Fish object at 0x7fc7a82ee7f0> and <fish.Fish object at 0x7fc7a82d3e20>. Changed direction of <fish.Fish object at 0x7fc7a82ee7f0>
2024-06-13 22:09:38,083 - Collision detected: <fish.Fish object at 0x7fc7a82d3e20> and <fish.Fish object at 0x7fc7a82ee7f0>. Changed direction of <fish.Fish object at 0x7fc7a82ee7f0>
2024-06-13 22:09:38,083 - Collision detected: <fish.Fish object at 0x7fc7a82ee7f0> and <fish.Fish object at 0x7fc7a82d3e20>. Changed direction of <fish.Fish object at 0x7fc7a82ee7f0>
2024-06-13 22:09:38,135 - Collision detected: <fish.Fish object at 0x7fc7a82d3e20> and <fish.Fish object at 0x7fc7a82ee7f0>. Changed direction of <fish.Fish object at 0x7fc7a82d3e20>
2024-06-13 22:09:38,135 - Collision detected: <fish.Fish object at 0x7fc7a82ee7f0> and <fish.Fish object at 0x7fc7a82d3e20>. Changed direction of <fish.Fish object at 0x7fc7a82d3e20>
2024-06-13 22:09:38,187 - Collision detected: <fish.Fish object at 0x7fc7a82d3e20> and <fish.Fish object at 0x7fc7a82ee7f0>. Changed direction of <fish.Fish object at 0x7fc7a82ee7f0>
2024-06-13 22:09:38,187 - Collision detected: <fish.Fish object at 0x7fc7a82ee7f0> and <fish.Fish object at 0x7fc7a82d3e20>. Changed direction of <fish.Fish object at 0x7fc7a82d3e20>
2024-06-13 22:09:38,239 - Collision detected: <fish.Fish object at 0x7fc7a82d3e20> and <fish.Fish object at 0x7fc7a82ee7f0>. Changed direction of <fish.Fish object at 0x7fc7a82d3e20>
2024-06-13 22:09:38,239 - Collision detected: <fish.Fish object at 0x7fc7a82ee7f0> and <fish.Fish object at 0x7fc7a82d3e20>. Changed direction of <fish.Fish object at 0x7fc7a82d3e20>
2024-06-13 22:09:38,291 - Collision detected: <fish.Fish object at 0x7fc7a82d3e20> and <fish.Fish object at 0x7fc7a82ee7f0>. Changed direction of <fish.Fish object at 0x7fc7a82d3e20>
2024-06-13 22:09:38,292 - Collision detected: <fish.Fish object at 0x7fc7a82ee7f0> and <fish.Fish object at 0x7fc7a82d3e20>. Changed direction of <fish.Fish object at 0x7fc7a82ee7f0>
2024-06-13 22:09:38,344 - Collision detected: <fish.Fish object at 0x7fc7a82d3e20> and <fish.Fish object at 0x7fc7a82ee7f0>. Changed direction of <fish.Fish object at 0x7fc7a82ee7f0>
2024-06-13 22:09:38,345 - Collision detected: <fish.Fish object at 0x7fc7a82ee7f0> and <fish.Fish object at 0x7fc7a82d3e20>. Changed direction of <fish.Fish object at 0x7fc7a82ee7f0>
2024-06-13 22:09:38,397 - Collision detected: <fish.Fish object at 0x7fc7a82d3e20> and <fish.Fish object at 0x7fc7a82ee7f0>. Changed direction of <fish.Fish object at 0x7fc7a82ee7f0>
2024-06-13 22:09:38,397 - Collision detected: <fish.Fish object at 0x7fc7a82ee7f0> and <fish.Fish object at 0x7fc7a82d3e20>. Changed direction of <fish.Fish object at 0x7fc7a82ee7f0>
2024-06-13 22:09:38,449 - Collision detected: <fish.Fish object at 0x7fc7a82d3e20> and <fish.Fish object at 0x7fc7a82ee7f0>. Changed direction of <fish.Fish object at 0x7fc7a82ee7f0>
2024-06-13 22:09:38,450 - Collision detected: <fish.Fish object at 0x7fc7a82ee7f0> and <fish.Fish object at 0x7fc7a82d3e20>. Changed direction of <fish.Fish object at 0x7fc7a82d3e20>
2024-06-13 22:09:38,502 - Collision detected: <fish.Fish object at 0x7fc7a82d3e20> and <fish.Fish object at 0x7fc7a82ee7f0>. Changed direction of <fish.Fish object at 0x7fc7a82d3e20>
2024-06-13 22:09:38,502 - Collision detected: <fish.Fish object at 0x7fc7a82ee7f0> and <fish.Fish object at 0x7fc7a82d3e20>. Changed direction of <fish.Fish object at 0x7fc7a82d3e20>
2024-06-13 22:09:38,554 - Collision detected: <fish.Fish object at 0x7fc7a82d3e20> and <fish.Fish object at 0x7fc7a82ee7f0>. Changed direction of <fish.Fish object at 0x7fc7a82ee7f0>
2024-06-13 22:09:38,555 - Collision detected: <fish.Fish object at 0x7fc7a82ee7f0> and <fish.Fish object at 0x7fc7a82d3e20>. Changed direction of <fish.Fish object at 0x7fc7a82d3e20>
2024-06-13 22:09:38,606 - Collision detected: <fish.Fish object at 0x7fc7a82d3e20> and <fish.Fish object at 0x7fc7a82ee7f0>. Changed direction of <fish.Fish object at 0x7fc7a82d3e20>
2024-06-13 22:09:38,607 - Collision detected: <fish.Fish object at 0x7fc7a82ee7f0> and <fish.Fish object at 0x7fc7a82d3e20>. Changed direction of <fish.Fish object at 0x7fc7a82ee7f0>
2024-06-13 22:09:38,659 - Collision detected: <fish.Fish object at 0x7fc7a82d3e20> and <fish.Fish object at 0x7fc7a82ee7f0>. Changed direction of <fish.Fish object at 0x7fc7a82ee7f0>
2024-06-13 22:09:38,660 - Collision detected: <fish.Fish object at 0x7fc7a82ee7f0> and <fish.Fish object at 0x7fc7a82d3e20>. Changed direction of <fish.Fish object at 0x7fc7a82d3e20>
2024-06-13 22:09:38,712 - Collision detected: <fish.Fish object at 0x7fc7a82d3e20> and <fish.Fish object at 0x7fc7a82ee7f0>. Changed direction of <fish.Fish object at 0x7fc7a82d3e20>
2024-06-13 22:09:38,712 - Collision detected: <fish.Fish object at 0x7fc7a82ee7f0> and <fish.Fish object at 0x7fc7a82d3e20>. Changed direction of <fish.Fish object at 0x7fc7a82d3e20>
2024-06-13 22:09:38,764 - Collision detected: <fish.Fish object at 0x7fc7a82d3e20> and <fish.Fish object at 0x7fc7a82ee7f0>. Changed direction of <fish.Fish object at 0x7fc7a82ee7f0>
2024-06-13 22:09:38,765 - Collision detected: <fish.Fish object at 0x7fc7a82ee7f0> and <fish.Fish object at 0x7fc7a82d3e20>. Changed direction of <fish.Fish object at 0x7fc7a82ee7f0>
2024-06-13 22:09:38,817 - Collision detected: <fish.Fish object at 0x7fc7a82d3e20> and <fish.Fish object at 0x7fc7a82ee7f0>. Changed direction of <fish.Fish object at 0x7fc7a82ee7f0>
2024-06-13 22:09:38,818 - Collision detected: <fish.Fish object at 0x7fc7a82ee7f0> and <fish.Fish object at 0x7fc7a82d3e20>. Changed direction of <fish.Fish object at 0x7fc7a82ee7f0>
2024-06-13 22:09:38,870 - Collision detected: <fish.Fish object at 0x7fc7a82d3e20> and <fish.Fish object at 0x7fc7a82ee7f0>. Changed direction of <fish.Fish object at 0x7fc7a82ee7f0>
2024-06-13 22:09:38,870 - Collision detected: <fish.Fish object at 0x7fc7a82ee7f0> and <fish.Fish object at 0x7fc7a82d3e20>. Changed direction of <fish.Fish object at 0x7fc7a82ee7f0>
2024-06-13 22:09:38,922 - Collision detected: <fish.Fish object at 0x7fc7a82d3e20> and <fish.Fish object at 0x7fc7a82ee7f0>. Changed direction of <fish.Fish object at 0x7fc7a82ee7f0>
2024-06-13 22:09:38,923 - Collision detected: <fish.Fish object at 0x7fc7a82ee7f0> and <fish.Fish object at 0x7fc7a82d3e20>. Changed direction of <fish.Fish object at 0x7fc7a82ee7f0>
2024-06-13 22:09:38,975 - Collision detected: <fish.Fish object at 0x7fc7a82d3e20> and <fish.Fish object at 0x7fc7a82ee7f0>. Changed direction of <fish.Fish object at 0x7fc7a82ee7f0>
2024-06-13 22:09:38,976 - Collision detected: <fish.Fish object at 0x7fc7a82ee7f0> and <fish.Fish object at 0x7fc7a82d3e20>. Changed direction of <fish.Fish object at 0x7fc7a82ee7f0>
2024-06-13 22:09:39,029 - Collision detected: <fish.Fish object at 0x7fc7a82d3e20> and <fish.Fish object at 0x7fc7a82ee7f0>. Changed direction of <fish.Fish object at 0x7fc7a82ee7f0>
2024-06-13 22:09:39,029 - Collision detected: <fish.Fish object at 0x7fc7a82ee7f0> and <fish.Fish object at 0x7fc7a82d3e20>. Changed direction of <fish.Fish object at 0x7fc7a82d3e20>
2024-06-13 22:09:39,081 - Collision detected: <fish.Fish object at 0x7fc7a82d3e20> and <fish.Fish object at 0x7fc7a82ee7f0>. Changed direction of <fish.Fish object at 0x7fc7a82d3e20>
2024-06-13 22:09:39,082 - Collision detected: <fish.Fish object at 0x7fc7a82ee7f0> and <fish.Fish object at 0x7fc7a82d3e20>. Changed direction of <fish.Fish object at 0x7fc7a82ee7f0>
2024-06-13 22:09:39,134 - Collision detected: <fish.Fish object at 0x7fc7a82d3e20> and <fish.Fish object at 0x7fc7a82ee7f0>. Changed direction of <fish.Fish object at 0x7fc7a82ee7f0>
2024-06-13 22:09:39,135 - Collision detected: <fish.Fish object at 0x7fc7a82ee7f0> and <fish.Fish object at 0x7fc7a82d3e20>. Changed direction of <fish.Fish object at 0x7fc7a82ee7f0>
2024-06-13 22:09:39,186 - Collision detected: <fish.Fish object at 0x7fc7a82d3e20> and <fish.Fish object at 0x7fc7a82ee7f0>. Changed direction of <fish.Fish object at 0x7fc7a82ee7f0>
2024-06-13 22:09:39,187 - Collision detected: <fish.Fish object at 0x7fc7a82ee7f0> and <fish.Fish object at 0x7fc7a82d3e20>. Changed direction of <fish.Fish object at 0x7fc7a82d3e20>
2024-06-13 22:09:39,238 - Collision detected: <fish.Fish object at 0x7fc7a82d3e20> and <fish.Fish object at 0x7fc7a82ee7f0>. Changed direction of <fish.Fish object at 0x7fc7a82ee7f0>
2024-06-13 22:09:39,239 - Collision detected: <fish.Fish object at 0x7fc7a82ee7f0> and <fish.Fish object at 0x7fc7a82d3e20>. Changed direction of <fish.Fish object at 0x7fc7a82d3e20>
2024-06-13 22:09:39,291 - Collision detected: <fish.Fish object at 0x7fc7a82d3e20> and <fish.Fish object at 0x7fc7a82ee7f0>. Changed direction of <fish.Fish object at 0x7fc7a82ee7f0>
2024-06-13 22:09:39,292 - Collision detected: <fish.Fish object at 0x7fc7a82ee7f0> and <fish.Fish object at 0x7fc7a82d3e20>. Changed direction of <fish.Fish object at 0x7fc7a82ee7f0>
2024-06-13 22:09:39,345 - Collision detected: <fish.Fish object at 0x7fc7a82d3e20> and <fish.Fish object at 0x7fc7a82ee7f0>. Changed direction of <fish.Fish object at 0x7fc7a82d3e20>
2024-06-13 22:09:39,346 - Collision detected: <fish.Fish object at 0x7fc7a82ee7f0> and <fish.Fish object at 0x7fc7a82d3e20>. Changed direction of <fish.Fish object at 0x7fc7a82d3e20>
2024-06-13 22:09:39,398 - Collision detected: <fish.Fish object at 0x7fc7a82d3e20> and <fish.Fish object at 0x7fc7a82ee7f0>. Changed direction of <fish.Fish object at 0x7fc7a82ee7f0>
2024-06-13 22:09:39,399 - Collision detected: <fish.Fish object at 0x7fc7a82ee7f0> and <fish.Fish object at 0x7fc7a82d3e20>. Changed direction of <fish.Fish object at 0x7fc7a82ee7f0>
2024-06-13 22:09:39,451 - Collision detected: <fish.Fish object at 0x7fc7a82d3e20> and <fish.Fish object at 0x7fc7a82ee7f0>. Changed direction of <fish.Fish object at 0x7fc7a82ee7f0>
2024-06-13 22:09:39,452 - Collision detected: <fish.Fish object at 0x7fc7a82ee7f0> and <fish.Fish object at 0x7fc7a82d3e20>. Changed direction of <fish.Fish object at 0x7fc7a82d3e20>
2024-06-13 22:09:39,504 - Collision detected: <fish.Fish object at 0x7fc7a82d3e20> and <fish.Fish object at 0x7fc7a82ee7f0>. Changed direction of <fish.Fish object at 0x7fc7a82ee7f0>
2024-06-13 22:09:39,505 - Collision detected: <fish.Fish object at 0x7fc7a82ee7f0> and <fish.Fish object at 0x7fc7a82d3e20>. Changed direction of <fish.Fish object at 0x7fc7a82d3e20>
2024-06-13 22:09:39,557 - Collision detected: <fish.Fish object at 0x7fc7a82d3e20> and <fish.Fish object at 0x7fc7a82ee7f0>. Changed direction of <fish.Fish object at 0x7fc7a82d3e20>
2024-06-13 22:09:39,558 - Collision detected: <fish.Fish object at 0x7fc7a82ee7f0> and <fish.Fish object at 0x7fc7a82d3e20>. Changed direction of <fish.Fish object at 0x7fc7a82d3e20>
2024-06-13 22:09:39,610 - Collision detected: <fish.Fish object at 0x7fc7a82d3e20> and <fish.Fish object at 0x7fc7a82ee7f0>. Changed direction of <fish.Fish object at 0x7fc7a82ee7f0>
2024-06-13 22:09:39,611 - Collision detected: <fish.Fish object at 0x7fc7a82ee7f0> and <fish.Fish object at 0x7fc7a82d3e20>. Changed direction of <fish.Fish object at 0x7fc7a82ee7f0>
2024-06-13 22:09:39,663 - Collision detected: <fish.Fish object at 0x7fc7a82d3e20> and <fish.Fish object at 0x7fc7a82ee7f0>. Changed direction of <fish.Fish object at 0x7fc7a82d3e20>
2024-06-13 22:09:39,664 - Collision detected: <fish.Fish object at 0x7fc7a82ee7f0> and <fish.Fish object at 0x7fc7a82d3e20>. Changed direction of <fish.Fish object at 0x7fc7a82ee7f0>
2024-06-13 22:09:39,716 - Collision detected: <fish.Fish object at 0x7fc7a82d3e20> and <fish.Fish object at 0x7fc7a82ee7f0>. Changed direction of <fish.Fish object at 0x7fc7a82ee7f0>
2024-06-13 22:09:39,716 - Collision detected: <fish.Fish object at 0x7fc7a82ee7f0> and <fish.Fish object at 0x7fc7a82d3e20>. Changed direction of <fish.Fish object at 0x7fc7a82d3e20>
2024-06-13 22:09:39,768 - Collision detected: <fish.Fish object at 0x7fc7a82d3e20> and <fish.Fish object at 0x7fc7a82ee7f0>. Changed direction of <fish.Fish object at 0x7fc7a82ee7f0>
2024-06-13 22:09:39,768 - Collision detected: <fish.Fish object at 0x7fc7a82ee7f0> and <fish.Fish object at 0x7fc7a82d3e20>. Changed direction of <fish.Fish object at 0x7fc7a82ee7f0>
2024-06-13 22:09:39,820 - Collision detected: <fish.Fish object at 0x7fc7a82d3e20> and <fish.Fish object at 0x7fc7a82ee7f0>. Changed direction of <fish.Fish object at 0x7fc7a82ee7f0>
2024-06-13 22:09:39,820 - Collision detected: <fish.Fish object at 0x7fc7a82ee7f0> and <fish.Fish object at 0x7fc7a82d3e20>. Changed direction of <fish.Fish object at 0x7fc7a82ee7f0>
2024-06-13 22:09:39,873 - Collision detected: <fish.Fish object at 0x7fc7a82d3e20> and <fish.Fish object at 0x7fc7a82ee7f0>. Changed direction of <fish.Fish object at 0x7fc7a82ee7f0>
2024-06-13 22:09:39,874 - Collision detected: <fish.Fish object at 0x7fc7a82ee7f0> and <fish.Fish object at 0x7fc7a82d3e20>. Changed direction of <fish.Fish object at 0x7fc7a82d3e20>
2024-06-13 22:09:39,926 - Collision detected: <fish.Fish object at 0x7fc7a82d3e20> and <fish.Fish object at 0x7fc7a82ee7f0>. Changed direction of <fish.Fish object at 0x7fc7a82ee7f0>
2024-06-13 22:09:39,926 - Collision detected: <fish.Fish object at 0x7fc7a82ee7f0> and <fish.Fish object at 0x7fc7a82d3e20>. Changed direction of <fish.Fish object at 0x7fc7a82d3e20>
2024-06-13 22:09:39,979 - Collision detected: <fish.Fish object at 0x7fc7a82d3e20> and <fish.Fish object at 0x7fc7a82ee7f0>. Changed direction of <fish.Fish object at 0x7fc7a82d3e20>
2024-06-13 22:09:39,979 - Collision detected: <fish.Fish object at 0x7fc7a82ee7f0> and <fish.Fish object at 0x7fc7a82d3e20>. Changed direction of <fish.Fish object at 0x7fc7a82d3e20>
2024-06-13 22:09:40,031 - Collision detected: <fish.Fish object at 0x7fc7a82d3e20> and <fish.Fish object at 0x7fc7a82ee7f0>. Changed direction of <fish.Fish object at 0x7fc7a82ee7f0>
2024-06-13 22:09:40,032 - Collision detected: <fish.Fish object at 0x7fc7a82ee7f0> and <fish.Fish object at 0x7fc7a82d3e20>. Changed direction of <fish.Fish object at 0x7fc7a82ee7f0>
2024-06-13 22:09:54,962 - Collision detected: <fish.Fish object at 0x7fc7a82e3e20> and <fish.Fish object at 0x7fc7a82ee790>. Changed direction of <fish.Fish object at 0x7fc7a82ee790>
2024-06-13 22:09:54,963 - Collision detected: <fish.Fish object at 0x7fc7a82ee790> and <fish.Fish object at 0x7fc7a82e3e20>. Changed direction of <fish.Fish object at 0x7fc7a82e3e20>
2024-06-13 22:09:55,015 - Collision detected: <fish.Fish object at 0x7fc7a82e3e20> and <fish.Fish object at 0x7fc7a82ee790>. Changed direction of <fish.Fish object at 0x7fc7a82e3e20>
2024-06-13 22:09:55,016 - Collision detected: <fish.Fish object at 0x7fc7a82ee790> and <fish.Fish object at 0x7fc7a82e3e20>. Changed direction of <fish.Fish object at 0x7fc7a82e3e20>
2024-06-13 22:10:29,480 - Running job Job(interval=1, unit=minutes, do=show_notification, args=(), kwargs={})
2024-06-13 22:10:29,482 - show_notification called
2024-06-13 22:10:29,660 - Notification shown: Get back to work!
2024-06-13 22:10:29,664 - schedule_notifications called
2024-06-13 22:10:29,664 - Remaining time is less than 1 minute, stopping scheduling
2024-06-13 22:10:32,682 - User is focusing.
2024-06-13 22:10:32,682 - Fish added at (335, 466) with color #0c44d6
2024-06-13 22:10:36,908 - Collision detected: <fish.Fish object at 0x7fc7a82ee5e0> and <fish.Fish object at 0x7fc7a82ee880>. Changed direction of <fish.Fish object at 0x7fc7a82ee880>
2024-06-13 22:10:36,909 - Collision detected: <fish.Fish object at 0x7fc7a82ee880> and <fish.Fish object at 0x7fc7a82ee5e0>. Changed direction of <fish.Fish object at 0x7fc7a82ee5e0>
2024-06-13 22:10:36,960 - Collision detected: <fish.Fish object at 0x7fc7a82ee5e0> and <fish.Fish object at 0x7fc7a82ee880>. Changed direction of <fish.Fish object at 0x7fc7a82ee5e0>
2024-06-13 22:10:36,960 - Collision detected: <fish.Fish object at 0x7fc7a82ee880> and <fish.Fish object at 0x7fc7a82ee5e0>. Changed direction of <fish.Fish object at 0x7fc7a82ee5e0>
2024-06-13 22:10:37,013 - Collision detected: <fish.Fish object at 0x7fc7a82ee5e0> and <fish.Fish object at 0x7fc7a82ee880>. Changed direction of <fish.Fish object at 0x7fc7a82ee880>
2024-06-13 22:10:37,013 - Collision detected: <fish.Fish object at 0x7fc7a82ee880> and <fish.Fish object at 0x7fc7a82ee5e0>. Changed direction of <fish.Fish object at 0x7fc7a82ee5e0>
2024-06-13 22:10:37,065 - Collision detected: <fish.Fish object at 0x7fc7a82ee5e0> and <fish.Fish object at 0x7fc7a82ee880>. Changed direction of <fish.Fish object at 0x7fc7a82ee5e0>
2024-06-13 22:10:37,066 - Collision detected: <fish.Fish object at 0x7fc7a82ee880> and <fish.Fish object at 0x7fc7a82ee5e0>. Changed direction of <fish.Fish object at 0x7fc7a82ee880>
2024-06-13 22:10:37,118 - Collision detected: <fish.Fish object at 0x7fc7a82ee5e0> and <fish.Fish object at 0x7fc7a82ee880>. Changed direction of <fish.Fish object at 0x7fc7a82ee5e0>
2024-06-13 22:10:37,119 - Collision detected: <fish.Fish object at 0x7fc7a82ee880> and <fish.Fish object at 0x7fc7a82ee5e0>. Changed direction of <fish.Fish object at 0x7fc7a82ee5e0>
2024-06-13 22:10:56,002 - Collision detected: <fish.Fish object at 0x7fc7a82ee5e0> and <fish.Fish object at 0x7fc7a82ee790>. Changed direction of <fish.Fish object at 0x7fc7a82ee790>
2024-06-13 22:10:56,002 - Collision detected: <fish.Fish object at 0x7fc7a82ee790> and <fish.Fish object at 0x7fc7a82ee5e0>. Changed direction of <fish.Fish object at 0x7fc7a82ee790>
2024-06-13 22:10:56,054 - Collision detected: <fish.Fish object at 0x7fc7a82ee5e0> and <fish.Fish object at 0x7fc7a82ee790>. Changed direction of <fish.Fish object at 0x7fc7a82ee790>
2024-06-13 22:10:56,055 - Collision detected: <fish.Fish object at 0x7fc7a82ee790> and <fish.Fish object at 0x7fc7a82ee5e0>. Changed direction of <fish.Fish object at 0x7fc7a82ee790>
2024-06-13 22:10:56,106 - Collision detected: <fish.Fish object at 0x7fc7a82ee5e0> and <fish.Fish object at 0x7fc7a82ee790>. Changed direction of <fish.Fish object at 0x7fc7a82ee5e0>
2024-06-13 22:10:56,106 - Collision detected: <fish.Fish object at 0x7fc7a82ee790> and <fish.Fish object at 0x7fc7a82ee5e0>. Changed direction of <fish.Fish object at 0x7fc7a82ee790>
2024-06-13 22:10:56,158 - Collision detected: <fish.Fish object at 0x7fc7a82ee5e0> and <fish.Fish object at 0x7fc7a82ee790>. Changed direction of <fish.Fish object at 0x7fc7a82ee790>
2024-06-13 22:10:56,159 - Collision detected: <fish.Fish object at 0x7fc7a82ee790> and <fish.Fish object at 0x7fc7a82ee5e0>. Changed direction of <fish.Fish object at 0x7fc7a82ee5e0>
2024-06-13 22:10:56,211 - Collision detected: <fish.Fish object at 0x7fc7a82ee5e0> and <fish.Fish object at 0x7fc7a82ee790>. Changed direction of <fish.Fish object at 0x7fc7a82ee790>
2024-06-13 22:10:56,212 - Collision detected: <fish.Fish object at 0x7fc7a82ee790> and <fish.Fish object at 0x7fc7a82ee5e0>. Changed direction of <fish.Fish object at 0x7fc7a82ee790>
2024-06-13 22:10:56,264 - Collision detected: <fish.Fish object at 0x7fc7a82ee5e0> and <fish.Fish object at 0x7fc7a82ee790>. Changed direction of <fish.Fish object at 0x7fc7a82ee790>
2024-06-13 22:10:56,264 - Collision detected: <fish.Fish object at 0x7fc7a82ee790> and <fish.Fish object at 0x7fc7a82ee5e0>. Changed direction of <fish.Fish object at 0x7fc7a82ee5e0>
2024-06-13 22:10:56,316 - Collision detected: <fish.Fish object at 0x7fc7a82ee5e0> and <fish.Fish object at 0x7fc7a82ee790>. Changed direction of <fish.Fish object at 0x7fc7a82ee790>
2024-06-13 22:10:56,316 - Collision detected: <fish.Fish object at 0x7fc7a82ee790> and <fish.Fish object at 0x7fc7a82ee5e0>. Changed direction of <fish.Fish object at 0x7fc7a82ee790>
2024-06-13 22:10:56,368 - Collision detected: <fish.Fish object at 0x7fc7a82ee5e0> and <fish.Fish object at 0x7fc7a82ee790>. Changed direction of <fish.Fish object at 0x7fc7a82ee790>
2024-06-13 22:10:56,368 - Collision detected: <fish.Fish object at 0x7fc7a82ee790> and <fish.Fish object at 0x7fc7a82ee5e0>. Changed direction of <fish.Fish object at 0x7fc7a82ee5e0>
2024-06-13 22:10:56,420 - Collision detected: <fish.Fish object at 0x7fc7a82ee5e0> and <fish.Fish object at 0x7fc7a82ee790>. Changed direction of <fish.Fish object at 0x7fc7a82ee790>
2024-06-13 22:10:56,420 - Collision detected: <fish.Fish object at 0x7fc7a82ee790> and <fish.Fish object at 0x7fc7a82ee5e0>. Changed direction of <fish.Fish object at 0x7fc7a82ee5e0>
2024-06-13 22:10:56,472 - Collision detected: <fish.Fish object at 0x7fc7a82ee5e0> and <fish.Fish object at 0x7fc7a82ee790>. Changed direction of <fish.Fish object at 0x7fc7a82ee790>
2024-06-13 22:10:56,479 - Collision detected: <fish.Fish object at 0x7fc7a82ee790> and <fish.Fish object at 0x7fc7a82ee5e0>. Changed direction of <fish.Fish object at 0x7fc7a82ee790>
2024-06-13 22:10:56,531 - Collision detected: <fish.Fish object at 0x7fc7a82ee5e0> and <fish.Fish object at 0x7fc7a82ee790>. Changed direction of <fish.Fish object at 0x7fc7a82ee790>
2024-06-13 22:10:56,531 - Collision detected: <fish.Fish object at 0x7fc7a82ee790> and <fish.Fish object at 0x7fc7a82ee5e0>. Changed direction of <fish.Fish object at 0x7fc7a82ee5e0>
2024-06-13 22:10:56,583 - Collision detected: <fish.Fish object at 0x7fc7a82ee5e0> and <fish.Fish object at 0x7fc7a82ee790>. Changed direction of <fish.Fish object at 0x7fc7a82ee790>
2024-06-13 22:10:56,583 - Collision detected: <fish.Fish object at 0x7fc7a82ee790> and <fish.Fish object at 0x7fc7a82ee5e0>. Changed direction of <fish.Fish object at 0x7fc7a82ee790>
2024-06-13 22:10:56,635 - Collision detected: <fish.Fish object at 0x7fc7a82ee5e0> and <fish.Fish object at 0x7fc7a82ee790>. Changed direction of <fish.Fish object at 0x7fc7a82ee790>
2024-06-13 22:10:56,635 - Collision detected: <fish.Fish object at 0x7fc7a82ee790> and <fish.Fish object at 0x7fc7a82ee5e0>. Changed direction of <fish.Fish object at 0x7fc7a82ee5e0>
2024-06-13 22:10:56,686 - Collision detected: <fish.Fish object at 0x7fc7a82ee5e0> and <fish.Fish object at 0x7fc7a82ee790>. Changed direction of <fish.Fish object at 0x7fc7a82ee5e0>
2024-06-13 22:10:56,686 - Collision detected: <fish.Fish object at 0x7fc7a82ee790> and <fish.Fish object at 0x7fc7a82ee5e0>. Changed direction of <fish.Fish object at 0x7fc7a82ee790>
2024-06-13 22:10:56,738 - Collision detected: <fish.Fish object at 0x7fc7a82ee5e0> and <fish.Fish object at 0x7fc7a82ee790>. Changed direction of <fish.Fish object at 0x7fc7a82ee5e0>
2024-06-13 22:10:56,739 - Collision detected: <fish.Fish object at 0x7fc7a82ee790> and <fish.Fish object at 0x7fc7a82ee5e0>. Changed direction of <fish.Fish object at 0x7fc7a82ee5e0>
2024-06-13 22:10:56,790 - Collision detected: <fish.Fish object at 0x7fc7a82ee5e0> and <fish.Fish object at 0x7fc7a82ee790>. Changed direction of <fish.Fish object at 0x7fc7a82ee5e0>
2024-06-13 22:10:56,790 - Collision detected: <fish.Fish object at 0x7fc7a82ee790> and <fish.Fish object at 0x7fc7a82ee5e0>. Changed direction of <fish.Fish object at 0x7fc7a82ee5e0>
2024-06-13 22:10:56,842 - Collision detected: <fish.Fish object at 0x7fc7a82ee5e0> and <fish.Fish object at 0x7fc7a82ee790>. Changed direction of <fish.Fish object at 0x7fc7a82ee5e0>
2024-06-13 22:10:56,842 - Collision detected: <fish.Fish object at 0x7fc7a82ee790> and <fish.Fish object at 0x7fc7a82ee5e0>. Changed direction of <fish.Fish object at 0x7fc7a82ee790>
2024-06-13 22:10:56,894 - Collision detected: <fish.Fish object at 0x7fc7a82ee5e0> and <fish.Fish object at 0x7fc7a82ee790>. Changed direction of <fish.Fish object at 0x7fc7a82ee5e0>
2024-06-13 22:10:56,894 - Collision detected: <fish.Fish object at 0x7fc7a82ee790> and <fish.Fish object at 0x7fc7a82ee5e0>. Changed direction of <fish.Fish object at 0x7fc7a82ee5e0>
2024-06-13 22:10:56,946 - Collision detected: <fish.Fish object at 0x7fc7a82ee5e0> and <fish.Fish object at 0x7fc7a82ee790>. Changed direction of <fish.Fish object at 0x7fc7a82ee5e0>
2024-06-13 22:10:56,946 - Collision detected: <fish.Fish object at 0x7fc7a82ee790> and <fish.Fish object at 0x7fc7a82ee5e0>. Changed direction of <fish.Fish object at 0x7fc7a82ee790>
2024-06-13 22:10:57,015 - Collision detected: <fish.Fish object at 0x7fc7a82ee5e0> and <fish.Fish object at 0x7fc7a82ee790>. Changed direction of <fish.Fish object at 0x7fc7a82ee790>
2024-06-13 22:10:57,015 - Collision detected: <fish.Fish object at 0x7fc7a82ee790> and <fish.Fish object at 0x7fc7a82ee5e0>. Changed direction of <fish.Fish object at 0x7fc7a82ee5e0>
2024-06-13 22:10:57,067 - Collision detected: <fish.Fish object at 0x7fc7a82ee5e0> and <fish.Fish object at 0x7fc7a82ee790>. Changed direction of <fish.Fish object at 0x7fc7a82ee5e0>
2024-06-13 22:10:57,068 - Collision detected: <fish.Fish object at 0x7fc7a82ee790> and <fish.Fish object at 0x7fc7a82ee5e0>. Changed direction of <fish.Fish object at 0x7fc7a82ee790>
2024-06-13 22:10:57,120 - Collision detected: <fish.Fish object at 0x7fc7a82ee5e0> and <fish.Fish object at 0x7fc7a82ee790>. Changed direction of <fish.Fish object at 0x7fc7a82ee5e0>
2024-06-13 22:10:57,121 - Collision detected: <fish.Fish object at 0x7fc7a82ee790> and <fish.Fish object at 0x7fc7a82ee5e0>. Changed direction of <fish.Fish object at 0x7fc7a82ee790>
2024-06-13 22:10:57,173 - Collision detected: <fish.Fish object at 0x7fc7a82ee5e0> and <fish.Fish object at 0x7fc7a82ee790>. Changed direction of <fish.Fish object at 0x7fc7a82ee5e0>
2024-06-13 22:10:57,173 - Collision detected: <fish.Fish object at 0x7fc7a82ee790> and <fish.Fish object at 0x7fc7a82ee5e0>. Changed direction of <fish.Fish object at 0x7fc7a82ee790>
2024-06-13 22:10:57,226 - Collision detected: <fish.Fish object at 0x7fc7a82ee5e0> and <fish.Fish object at 0x7fc7a82ee790>. Changed direction of <fish.Fish object at 0x7fc7a82ee5e0>
2024-06-13 22:10:57,226 - Collision detected: <fish.Fish object at 0x7fc7a82ee790> and <fish.Fish object at 0x7fc7a82ee5e0>. Changed direction of <fish.Fish object at 0x7fc7a82ee5e0>
2024-06-13 22:10:57,278 - Collision detected: <fish.Fish object at 0x7fc7a82ee5e0> and <fish.Fish object at 0x7fc7a82ee790>. Changed direction of <fish.Fish object at 0x7fc7a82ee5e0>
2024-06-13 22:10:57,279 - Collision detected: <fish.Fish object at 0x7fc7a82ee790> and <fish.Fish object at 0x7fc7a82ee5e0>. Changed direction of <fish.Fish object at 0x7fc7a82ee790>
2024-06-13 22:10:57,331 - Collision detected: <fish.Fish object at 0x7fc7a82ee5e0> and <fish.Fish object at 0x7fc7a82ee790>. Changed direction of <fish.Fish object at 0x7fc7a82ee790>
2024-06-13 22:10:57,331 - Collision detected: <fish.Fish object at 0x7fc7a82ee790> and <fish.Fish object at 0x7fc7a82ee5e0>. Changed direction of <fish.Fish object at 0x7fc7a82ee790>
2024-06-13 22:10:57,384 - Collision detected: <fish.Fish object at 0x7fc7a82ee5e0> and <fish.Fish object at 0x7fc7a82ee790>. Changed direction of <fish.Fish object at 0x7fc7a82ee790>
2024-06-13 22:10:57,384 - Collision detected: <fish.Fish object at 0x7fc7a82ee790> and <fish.Fish object at 0x7fc7a82ee5e0>. Changed direction of <fish.Fish object at 0x7fc7a82ee5e0>
2024-06-13 22:10:57,437 - Collision detected: <fish.Fish object at 0x7fc7a82ee5e0> and <fish.Fish object at 0x7fc7a82ee790>. Changed direction of <fish.Fish object at 0x7fc7a82ee5e0>
2024-06-13 22:10:57,437 - Collision detected: <fish.Fish object at 0x7fc7a82ee790> and <fish.Fish object at 0x7fc7a82ee5e0>. Changed direction of <fish.Fish object at 0x7fc7a82ee5e0>
2024-06-13 22:10:57,490 - Collision detected: <fish.Fish object at 0x7fc7a82ee5e0> and <fish.Fish object at 0x7fc7a82ee790>. Changed direction of <fish.Fish object at 0x7fc7a82ee5e0>
2024-06-13 22:10:57,491 - Collision detected: <fish.Fish object at 0x7fc7a82ee790> and <fish.Fish object at 0x7fc7a82ee5e0>. Changed direction of <fish.Fish object at 0x7fc7a82ee5e0>
2024-06-13 22:10:57,543 - Collision detected: <fish.Fish object at 0x7fc7a82ee5e0> and <fish.Fish object at 0x7fc7a82ee790>. Changed direction of <fish.Fish object at 0x7fc7a82ee790>
2024-06-13 22:10:57,543 - Collision detected: <fish.Fish object at 0x7fc7a82ee790> and <fish.Fish object at 0x7fc7a82ee5e0>. Changed direction of <fish.Fish object at 0x7fc7a82ee790>
2024-06-13 22:10:57,596 - Collision detected: <fish.Fish object at 0x7fc7a82ee5e0> and <fish.Fish object at 0x7fc7a82ee790>. Changed direction of <fish.Fish object at 0x7fc7a82ee790>
2024-06-13 22:10:57,596 - Collision detected: <fish.Fish object at 0x7fc7a82ee790> and <fish.Fish object at 0x7fc7a82ee5e0>. Changed direction of <fish.Fish object at 0x7fc7a82ee5e0>
2024-06-13 22:10:57,648 - Collision detected: <fish.Fish object at 0x7fc7a82ee5e0> and <fish.Fish object at 0x7fc7a82ee790>. Changed direction of <fish.Fish object at 0x7fc7a82ee5e0>
2024-06-13 22:10:57,648 - Collision detected: <fish.Fish object at 0x7fc7a82ee790> and <fish.Fish object at 0x7fc7a82ee5e0>. Changed direction of <fish.Fish object at 0x7fc7a82ee790>
2024-06-13 22:10:57,700 - Collision detected: <fish.Fish object at 0x7fc7a82ee5e0> and <fish.Fish object at 0x7fc7a82ee790>. Changed direction of <fish.Fish object at 0x7fc7a82ee5e0>
2024-06-13 22:10:57,701 - Collision detected: <fish.Fish object at 0x7fc7a82ee790> and <fish.Fish object at 0x7fc7a82ee5e0>. Changed direction of <fish.Fish object at 0x7fc7a82ee790>
2024-06-13 22:10:57,753 - Collision detected: <fish.Fish object at 0x7fc7a82ee5e0> and <fish.Fish object at 0x7fc7a82ee790>. Changed direction of <fish.Fish object at 0x7fc7a82ee5e0>
2024-06-13 22:10:57,753 - Collision detected: <fish.Fish object at 0x7fc7a82ee790> and <fish.Fish object at 0x7fc7a82ee5e0>. Changed direction of <fish.Fish object at 0x7fc7a82ee5e0>
2024-06-13 22:10:57,806 - Collision detected: <fish.Fish object at 0x7fc7a82ee5e0> and <fish.Fish object at 0x7fc7a82ee790>. Changed direction of <fish.Fish object at 0x7fc7a82ee5e0>
2024-06-13 22:10:57,806 - Collision detected: <fish.Fish object at 0x7fc7a82ee790> and <fish.Fish object at 0x7fc7a82ee5e0>. Changed direction of <fish.Fish object at 0x7fc7a82ee790>
2024-06-13 22:10:57,859 - Collision detected: <fish.Fish object at 0x7fc7a82ee5e0> and <fish.Fish object at 0x7fc7a82ee790>. Changed direction of <fish.Fish object at 0x7fc7a82ee5e0>
2024-06-13 22:10:57,859 - Collision detected: <fish.Fish object at 0x7fc7a82ee790> and <fish.Fish object at 0x7fc7a82ee5e0>. Changed direction of <fish.Fish object at 0x7fc7a82ee790>
2024-06-13 22:10:57,911 - Collision detected: <fish.Fish object at 0x7fc7a82ee5e0> and <fish.Fish object at 0x7fc7a82ee790>. Changed direction of <fish.Fish object at 0x7fc7a82ee790>
2024-06-13 22:10:57,912 - Collision detected: <fish.Fish object at 0x7fc7a82ee790> and <fish.Fish object at 0x7fc7a82ee5e0>. Changed direction of <fish.Fish object at 0x7fc7a82ee5e0>
2024-06-13 22:10:57,964 - Collision detected: <fish.Fish object at 0x7fc7a82ee5e0> and <fish.Fish object at 0x7fc7a82ee790>. Changed direction of <fish.Fish object at 0x7fc7a82ee790>
2024-06-13 22:10:57,965 - Collision detected: <fish.Fish object at 0x7fc7a82ee790> and <fish.Fish object at 0x7fc7a82ee5e0>. Changed direction of <fish.Fish object at 0x7fc7a82ee790>
2024-06-13 22:10:58,016 - Collision detected: <fish.Fish object at 0x7fc7a82ee5e0> and <fish.Fish object at 0x7fc7a82ee790>. Changed direction of <fish.Fish object at 0x7fc7a82ee790>
2024-06-13 22:10:58,017 - Collision detected: <fish.Fish object at 0x7fc7a82ee790> and <fish.Fish object at 0x7fc7a82ee5e0>. Changed direction of <fish.Fish object at 0x7fc7a82ee5e0>
2024-06-13 22:10:58,069 - Collision detected: <fish.Fish object at 0x7fc7a82ee5e0> and <fish.Fish object at 0x7fc7a82ee790>. Changed direction of <fish.Fish object at 0x7fc7a82ee790>
2024-06-13 22:10:58,071 - Collision detected: <fish.Fish object at 0x7fc7a82ee790> and <fish.Fish object at 0x7fc7a82ee5e0>. Changed direction of <fish.Fish object at 0x7fc7a82ee5e0>
2024-06-13 22:10:58,123 - Collision detected: <fish.Fish object at 0x7fc7a82ee5e0> and <fish.Fish object at 0x7fc7a82ee790>. Changed direction of <fish.Fish object at 0x7fc7a82ee790>
2024-06-13 22:10:58,123 - Collision detected: <fish.Fish object at 0x7fc7a82ee790> and <fish.Fish object at 0x7fc7a82ee5e0>. Changed direction of <fish.Fish object at 0x7fc7a82ee790>
2024-06-13 22:10:58,175 - Collision detected: <fish.Fish object at 0x7fc7a82ee5e0> and <fish.Fish object at 0x7fc7a82ee790>. Changed direction of <fish.Fish object at 0x7fc7a82ee5e0>
2024-06-13 22:10:58,176 - Collision detected: <fish.Fish object at 0x7fc7a82ee790> and <fish.Fish object at 0x7fc7a82ee5e0>. Changed direction of <fish.Fish object at 0x7fc7a82ee5e0>
2024-06-13 22:10:58,228 - Collision detected: <fish.Fish object at 0x7fc7a82ee5e0> and <fish.Fish object at 0x7fc7a82ee790>. Changed direction of <fish.Fish object at 0x7fc7a82ee790>
2024-06-13 22:10:58,228 - Collision detected: <fish.Fish object at 0x7fc7a82ee790> and <fish.Fish object at 0x7fc7a82ee5e0>. Changed direction of <fish.Fish object at 0x7fc7a82ee790>
2024-06-13 22:10:58,280 - Collision detected: <fish.Fish object at 0x7fc7a82ee5e0> and <fish.Fish object at 0x7fc7a82ee790>. Changed direction of <fish.Fish object at 0x7fc7a82ee5e0>
2024-06-13 22:10:58,289 - Collision detected: <fish.Fish object at 0x7fc7a82ee790> and <fish.Fish object at 0x7fc7a82ee5e0>. Changed direction of <fish.Fish object at 0x7fc7a82ee790>
2024-06-13 22:10:58,341 - Collision detected: <fish.Fish object at 0x7fc7a82ee5e0> and <fish.Fish object at 0x7fc7a82ee790>. Changed direction of <fish.Fish object at 0x7fc7a82ee5e0>
2024-06-13 22:10:58,341 - Collision detected: <fish.Fish object at 0x7fc7a82ee790> and <fish.Fish object at 0x7fc7a82ee5e0>. Changed direction of <fish.Fish object at 0x7fc7a82ee5e0>
2024-06-13 22:10:58,392 - Collision detected: <fish.Fish object at 0x7fc7a82ee5e0> and <fish.Fish object at 0x7fc7a82ee790>. Changed direction of <fish.Fish object at 0x7fc7a82ee5e0>
2024-06-13 22:10:58,392 - Collision detected: <fish.Fish object at 0x7fc7a82ee790> and <fish.Fish object at 0x7fc7a82ee5e0>. Changed direction of <fish.Fish object at 0x7fc7a82ee5e0>
2024-06-13 22:13:58,975 - schedule_notifications called
2024-06-13 22:13:58,976 - Scheduling next notification in 1 minutes
2024-06-13 22:13:58,976 - elapsed time is 0
2024-06-13 22:14:59,062 - Running job Job(interval=1, unit=minutes, do=show_notification, args=(), kwargs={})
2024-06-13 22:14:59,065 - show_notification called
2024-06-13 22:14:59,253 - Notification shown: Stay productive!
2024-06-13 22:14:59,255 - schedule_notifications called
2024-06-13 22:14:59,255 - Remaining time is less than 1 minute, stopping scheduling
2024-06-13 22:15:02,938 - User is focusing.
2024-06-13 22:15:02,938 - Fish added at (285, 206) with color #1b63ce
2024-06-13 22:15:59,339 - Running job Job(interval=1, unit=minutes, do=show_notification, args=(), kwargs={})
2024-06-13 22:15:59,342 - show_notification called
2024-06-13 22:15:59,530 - Notification shown: Remember your goals!
2024-06-13 22:15:59,532 - schedule_notifications called
2024-06-13 22:15:59,532 - Remaining time is less than 1 minute, stopping scheduling
2024-06-13 22:16:02,493 - User is focusing.
2024-06-13 22:16:02,494 - Fish added at (318, 214) with color #0c6bf2
2024-06-13 22:16:59,608 - Running job Job(interval=1, unit=minutes, do=show_notification, args=(), kwargs={})
2024-06-13 22:16:59,610 - show_notification called
2024-06-13 22:16:59,940 - Notification shown: Get back to work!
2024-06-13 22:16:59,940 - schedule_notifications called
2024-06-13 22:16:59,940 - Remaining time is less than 1 minute, stopping scheduling
2024-06-13 22:17:04,452 - User is focusing.
2024-06-13 22:17:04,453 - Fish added at (470, 261) with color #e5bf06
